<?xml version="1.0" encoding="UTF-8"?>
<robot generator="Robot 5.0 (Python 3.9.12 on darwin)" generated="20220409 03:20:30.743" rpa="false" schemaversion="3">
<suite id="s1" name="Tests" source="/Users/c.b.carvalho/Library/CloudStorage/OneDrive-Accenture/Robot Framework/Projetos/GravidadeZERO/getgeeks/project/tests">
<suite id="s1-s1" name="Auth" source="/Users/c.b.carvalho/Library/CloudStorage/OneDrive-Accenture/Robot Framework/Projetos/GravidadeZERO/getgeeks/project/tests/Auth.robot">
<test id="s1-s1-t1" name="Incorrect email" line="26">
<kw name="Start Session" library="Base" type="SETUP">
<kw name="New Browser" library="Browser">
<arg>chromium</arg>
<arg>headless=False</arg>
<arg>slowMo=00:00:00</arg>
<tag>BrowserControl</tag>
<tag>Setter</tag>
<doc>Create a new playwright Browser with specified options.</doc>
<msg timestamp="20220409 03:20:31.243" level="INFO">{"browser": "chromium", "headless": false, "handleSIGINT": true, "handleSIGTERM": true, "handleSIGHUP": true, "timeout": 30000.0, "devtools": false, "slowMo": 0.0, "tracesDir": "/Users/c.b.carvalho/Library/CloudStorage/OneDrive-Accenture/Robot Framework/Projetos/GravidadeZERO/getgeeks/project/report/browser/traces/4807aba6-5143-4229-9698-823321f53d5e"}</msg>
<msg timestamp="20220409 03:20:31.520" level="INFO">Successfully created browser with options: {"browser":"chromium","headless":false,"handleSIGINT":true,"handleSIGTERM":true,"handleSIGHUP":true,"timeout":30000,"devtools":false,"slowMo":0,"tracesDir":"/Users/c.b.carvalho/Library/CloudStorage/OneDrive-Accenture/Robot Framework/Projetos/GravidadeZERO/getgeeks/project/report/browser/traces/4807aba6-5143-4229-9698-823321f53d5e"}</msg>
<status status="PASS" starttime="20220409 03:20:31.243" endtime="20220409 03:20:31.520"/>
</kw>
<kw name="New Page" library="Browser">
<arg>${BASE_URL}</arg>
<tag>BrowserControl</tag>
<tag>Setter</tag>
<doc>Open a new Page.</doc>
<msg timestamp="20220409 03:20:34.311" level="INFO">Successfully initialized new page object and opened url: https://getgeeks-cccarv.herokuapp.com</msg>
<msg timestamp="20220409 03:20:34.311" level="INFO">No context was open. New context was automatically opened when this page is created.</msg>
<status status="PASS" starttime="20220409 03:20:31.521" endtime="20220409 03:20:34.311"/>
</kw>
<status status="PASS" starttime="20220409 03:20:31.242" endtime="20220409 03:20:34.311"/>
</kw>
<kw name="Create Dictionary" library="BuiltIn">
<var>${user}</var>
<arg>email=email.com</arg>
<arg>password=pwd123</arg>
<doc>Creates and returns a dictionary based on the given ``items``.</doc>
<msg timestamp="20220409 03:20:34.312" level="INFO">${user} = {'email': 'email.com', 'password': 'pwd123'}</msg>
<status status="PASS" starttime="20220409 03:20:34.312" endtime="20220409 03:20:34.312"/>
</kw>
<kw name="Go To Login Page" library="AuthActions">
<kw name="Go To" library="Browser">
<arg>${BASE_URL}</arg>
<tag>BrowserControl</tag>
<tag>Setter</tag>
<doc>Navigates to the given ``url``.</doc>
<msg timestamp="20220409 03:20:34.845" level="INFO">Successfully opened URL https://getgeeks-cccarv.herokuapp.com</msg>
<status status="PASS" starttime="20220409 03:20:34.312" endtime="20220409 03:20:34.845"/>
</kw>
<kw name="Wait For Elements State" library="Browser">
<arg>.login-form</arg>
<arg>visible</arg>
<arg>5s</arg>
<tag>PageContent</tag>
<tag>Wait</tag>
<doc>Waits for the element found by ``selector`` to satisfy state option.</doc>
<msg timestamp="20220409 03:20:34.859" level="INFO">Waited for Element with selector .login-form at state visible</msg>
<status status="PASS" starttime="20220409 03:20:34.845" endtime="20220409 03:20:34.859"/>
</kw>
<status status="PASS" starttime="20220409 03:20:34.312" endtime="20220409 03:20:34.859"/>
</kw>
<kw name="Fill Credentials" library="AuthActions">
<arg>${user}</arg>
<kw name="Fill Text" library="Browser">
<arg>id=email</arg>
<arg>${user}[email]</arg>
<tag>PageContent</tag>
<tag>Setter</tag>
<doc>Clears and fills the given ``txt`` into the text field found by ``selector``.</doc>
<msg timestamp="20220409 03:20:34.860" level="INFO">Fills the text 'email.com' in the given field.</msg>
<status status="PASS" starttime="20220409 03:20:34.859" endtime="20220409 03:20:34.877"/>
</kw>
<kw name="Fill Text" library="Browser">
<arg>id=password</arg>
<arg>${user}[password]</arg>
<tag>PageContent</tag>
<tag>Setter</tag>
<doc>Clears and fills the given ``txt`` into the text field found by ``selector``.</doc>
<msg timestamp="20220409 03:20:34.877" level="INFO">Fills the text 'pwd123' in the given field.</msg>
<status status="PASS" starttime="20220409 03:20:34.877" endtime="20220409 03:20:34.885"/>
</kw>
<status status="PASS" starttime="20220409 03:20:34.859" endtime="20220409 03:20:34.885"/>
</kw>
<kw name="Submit Credentials" library="AuthActions">
<kw name="Click" library="Browser">
<arg>.submit-button &gt;&gt; text=Entrar</arg>
<tag>PageContent</tag>
<tag>Setter</tag>
<doc>Simulates mouse click on the element found by ``selector``.</doc>
<status status="PASS" starttime="20220409 03:20:34.885" endtime="20220409 03:20:34.944"/>
</kw>
<status status="PASS" starttime="20220409 03:20:34.885" endtime="20220409 03:20:34.944"/>
</kw>
<kw name="Should Be Type email" library="AuthActions">
<kw name="Get Property" library="Browser">
<arg>id=email</arg>
<arg>type</arg>
<arg>equal</arg>
<arg>email</arg>
<tag>Assertion</tag>
<tag>Getter</tag>
<tag>PageContent</tag>
<doc>Returns the ``property`` of the element found by ``selector``.</doc>
<status status="PASS" starttime="20220409 03:20:34.945" endtime="20220409 03:20:34.956"/>
</kw>
<status status="PASS" starttime="20220409 03:20:34.944" endtime="20220409 03:20:34.956"/>
</kw>
<kw name="Finish Session" library="Base" type="TEARDOWN">
<kw name="Take Screenshot" library="Browser">
<tag>PageContent</tag>
<doc>Takes a screenshot of the current window or element and saves it to disk.</doc>
<msg timestamp="20220409 03:20:35.136" level="INFO" html="true">&lt;/td&gt;&lt;/tr&gt;&lt;tr&gt;&lt;td colspan="3"&gt;&lt;a href="browser/screenshot/robotframework-browser-screenshot-1.png"&gt;&lt;img src="browser/screenshot/robotframework-browser-screenshot-1.png" width="800px"&gt;&lt;/a&gt;</msg>
<status status="PASS" starttime="20220409 03:20:34.956" endtime="20220409 03:20:35.136"/>
</kw>
<status status="PASS" starttime="20220409 03:20:34.956" endtime="20220409 03:20:35.136"/>
</kw>
<tag>imail</tag>
<tag>negative</tag>
<status status="PASS" starttime="20220409 03:20:31.241" endtime="20220409 03:20:35.136"/>
</test>
<doc>Login test suite</doc>
<status status="PASS" starttime="20220409 03:20:30.753" endtime="20220409 03:20:35.194"/>
</suite>
<status status="PASS" starttime="20220409 03:20:30.744" endtime="20220409 03:20:35.196"/>
</suite>
<statistics>
<total>
<stat pass="1" fail="0" skip="0">All Tests</stat>
</total>
<tag>
<stat pass="1" fail="0" skip="0">imail</stat>
<stat pass="1" fail="0" skip="0">negative</stat>
</tag>
<suite>
<stat pass="1" fail="0" skip="0" id="s1" name="Tests">Tests</stat>
<stat pass="1" fail="0" skip="0" id="s1-s1" name="Auth">Tests.Auth</stat>
</suite>
</statistics>
<errors>
</errors>
</robot>
