<?xml version="1.0" encoding="UTF-8"?>
<robot generator="Rebot 5.0.1 (Python 3.9.12 on darwin)" generated="20220720 14:10:26.467" rpa="false" schemaversion="3">
<suite id="s1" name="Tests" source="/Users/c.b.carvalho/Library/CloudStorage/OneDrive-Accenture/Robot Framework/Projetos/GravidadeZERO/getgeeks/project/frontend/tests">
<suite id="s1-s1" name="AttemptBeGeek" source="/Users/c.b.carvalho/Library/CloudStorage/OneDrive-Accenture/Robot Framework/Projetos/GravidadeZERO/getgeeks/project/frontend/tests/AttemptBeGeek.robot">
<kw name="Start Session For Attempt To Be A Geek" library="AttemptBeGeekActions" type="SETUP">
<kw name="Factory User" library="Users">
<var>${user}</var>
<arg>attempt_be_geek</arg>
<msg timestamp="20220720 14:09:41.162" level="INFO">${user} = {'name': 'Geek', 'lastname': 'Numero 2', 'email': 'geek2@email.com', 'password': 'abc123', 'geek_profile': {'whatsapp': '11999999999', 'desc': ['Ea quam exercitationem sed. Veniam optio rem odio quia....</msg>
<status status="PASS" starttime="20220720 14:09:41.160" endtime="20220720 14:09:41.162"/>
</kw>
<kw name="Start Session" library="Base">
<kw name="New Browser" library="Browser">
<arg>${BROWSER}</arg>
<arg>headless=${HEADLESS}</arg>
<arg>slowMo=00:00:00</arg>
<tag>BrowserControl</tag>
<tag>Setter</tag>
<doc>Create a new playwright Browser with specified options.</doc>
<msg timestamp="20220720 14:09:41.163" level="INFO">{"browser": "chromium", "headless": true, "handleSIGINT": true, "handleSIGTERM": true, "handleSIGHUP": true, "timeout": 30000.0, "devtools": false, "slowMo": 0.0, "tracesDir": "/Users/c.b.carvalho/Library/CloudStorage/OneDrive-Accenture/Robot Framework/Projetos/GravidadeZERO/getgeeks/project/frontend/report/pabot_results/0/browser/traces/db597e90-7205-41cf-ab28-1bbc32827fb5"}</msg>
<msg timestamp="20220720 14:09:43.887" level="INFO">Successfully created browser with options: {"browser":"chromium","headless":true,"handleSIGINT":true,"handleSIGTERM":true,"handleSIGHUP":true,"timeout":30000,"devtools":false,"slowMo":0,"tracesDir":"/Users/c.b.carvalho/Library/CloudStorage/OneDrive-Accenture/Robot Framework/Projetos/GravidadeZERO/getgeeks/project/frontend/report/pabot_results/0/browser/traces/db597e90-7205-41cf-ab28-1bbc32827fb5"}</msg>
<status status="PASS" starttime="20220720 14:09:41.163" endtime="20220720 14:09:43.887"/>
</kw>
<kw name="New Page" library="Browser">
<arg>${BASE_URL}</arg>
<tag>BrowserControl</tag>
<tag>Setter</tag>
<doc>Open a new Page.</doc>
<msg timestamp="20220720 14:09:48.707" level="INFO">Successfully initialized new page object and opened url: https://getgeeks-cccarv.herokuapp.com</msg>
<msg timestamp="20220720 14:09:48.707" level="INFO">No context was open. New context was automatically opened when this page is created.</msg>
<status status="PASS" starttime="20220720 14:09:43.887" endtime="20220720 14:09:48.707"/>
</kw>
<kw name="Set Viewport Size" library="Browser">
<arg>1280</arg>
<arg>768</arg>
<tag>BrowserControl</tag>
<tag>Setter</tag>
<doc>Sets current Pages viewport size to specified dimensions.</doc>
<msg timestamp="20220720 14:09:48.711" level="INFO">Set viewport size to: [object Object]</msg>
<status status="PASS" starttime="20220720 14:09:48.708" endtime="20220720 14:09:48.711"/>
</kw>
<status status="PASS" starttime="20220720 14:09:41.162" endtime="20220720 14:09:48.712"/>
</kw>
<kw name="Do Login" library="Helpers">
<arg>${user}</arg>
<kw name="Go To Login Page" library="AuthActions">
<kw name="Go To" library="Browser">
<arg>${BASE_URL}</arg>
<tag>BrowserControl</tag>
<tag>Setter</tag>
<doc>Navigates to the given ``url``.</doc>
<msg timestamp="20220720 14:09:49.249" level="INFO">Successfully opened URL https://getgeeks-cccarv.herokuapp.com</msg>
<status status="PASS" starttime="20220720 14:09:48.712" endtime="20220720 14:09:49.249"/>
</kw>
<kw name="Wait For Elements State" library="Browser">
<arg>.login-form</arg>
<arg>visible</arg>
<arg>5s</arg>
<tag>PageContent</tag>
<tag>Wait</tag>
<doc>Waits for the element found by ``selector`` to satisfy state option.</doc>
<msg timestamp="20220720 14:09:49.263" level="INFO">Waited for Element with selector .login-form at state visible</msg>
<status status="PASS" starttime="20220720 14:09:49.249" endtime="20220720 14:09:49.263"/>
</kw>
<status status="PASS" starttime="20220720 14:09:48.712" endtime="20220720 14:09:49.263"/>
</kw>
<kw name="Fill Credentials" library="AuthActions">
<arg>${user}</arg>
<kw name="Fill Text" library="Browser">
<arg>${INPUT_EMAIL}</arg>
<arg>${user}[email]</arg>
<tag>PageContent</tag>
<tag>Setter</tag>
<doc>Clears and fills the given ``txt`` into the text field found by ``selector``.</doc>
<msg timestamp="20220720 14:09:49.264" level="INFO">Fills the text 'geek2@email.com' in the given field.</msg>
<status status="PASS" starttime="20220720 14:09:49.263" endtime="20220720 14:09:49.285"/>
</kw>
<kw name="Fill Text" library="Browser">
<arg>${INPUT_PASSWD}</arg>
<arg>${user}[password]</arg>
<tag>PageContent</tag>
<tag>Setter</tag>
<doc>Clears and fills the given ``txt`` into the text field found by ``selector``.</doc>
<msg timestamp="20220720 14:09:49.286" level="INFO">Fills the text 'abc123' in the given field.</msg>
<status status="PASS" starttime="20220720 14:09:49.285" endtime="20220720 14:09:49.303"/>
</kw>
<status status="PASS" starttime="20220720 14:09:49.263" endtime="20220720 14:09:49.303"/>
</kw>
<kw name="Submit Credentials" library="AuthActions">
<kw name="Click" library="Browser">
<arg>.submit-button &gt;&gt; text=Entrar</arg>
<tag>PageContent</tag>
<tag>Setter</tag>
<doc>Simulates mouse click on the element found by ``selector``.</doc>
<status status="PASS" starttime="20220720 14:09:49.303" endtime="20220720 14:09:49.358"/>
</kw>
<status status="PASS" starttime="20220720 14:09:49.303" endtime="20220720 14:09:49.358"/>
</kw>
<kw name="User Should Be Logged In" library="AuthActions">
<arg>${user}</arg>
<kw name="Set Variable" library="BuiltIn">
<var>${fullname}</var>
<arg>${user}[name] ${user}[lastname]</arg>
<doc>Returns the given values which can then be assigned to a variables.</doc>
<msg timestamp="20220720 14:09:49.359" level="INFO">${fullname} = Geek Numero 2</msg>
<status status="PASS" starttime="20220720 14:09:49.358" endtime="20220720 14:09:49.359"/>
</kw>
<kw name="Set Variable" library="BuiltIn">
<var>${element}</var>
<arg>a[href='/profile']</arg>
<doc>Returns the given values which can then be assigned to a variables.</doc>
<msg timestamp="20220720 14:09:49.359" level="INFO">${element} = a[href='/profile']</msg>
<status status="PASS" starttime="20220720 14:09:49.359" endtime="20220720 14:09:49.359"/>
</kw>
<kw name="Wait For Elements State" library="Browser">
<arg>${element}</arg>
<arg>visible</arg>
<arg>5s</arg>
<tag>PageContent</tag>
<tag>Wait</tag>
<doc>Waits for the element found by ``selector`` to satisfy state option.</doc>
<msg timestamp="20220720 14:09:50.315" level="INFO">Waited for Element with selector a[href='/profile'] at state visible</msg>
<status status="PASS" starttime="20220720 14:09:49.359" endtime="20220720 14:09:50.315"/>
</kw>
<kw name="Get Text" library="Browser">
<arg>${element}</arg>
<arg>equal</arg>
<arg>${fullname}</arg>
<tag>Assertion</tag>
<tag>Getter</tag>
<tag>PageContent</tag>
<doc>Returns text attribute of the element found by ``selector``.</doc>
<status status="PASS" starttime="20220720 14:09:50.316" endtime="20220720 14:09:50.328"/>
</kw>
<status status="PASS" starttime="20220720 14:09:49.358" endtime="20220720 14:09:50.328"/>
</kw>
<status status="PASS" starttime="20220720 14:09:48.712" endtime="20220720 14:09:50.328"/>
</kw>
<kw name="Go To Be Geek Form" library="BeGeekActions">
<kw name="Click" library="Browser">
<arg>a[href='/be-geek'] &gt;&gt; text=Seja um Geek</arg>
<tag>PageContent</tag>
<tag>Setter</tag>
<doc>Simulates mouse click on the element found by ``selector``.</doc>
<status status="PASS" starttime="20220720 14:09:50.328" endtime="20220720 14:09:50.355"/>
</kw>
<kw name="Wait For Elements State" library="Browser">
<arg>.be-geek-form</arg>
<arg>visible</arg>
<arg>5s</arg>
<tag>PageContent</tag>
<tag>Wait</tag>
<doc>Waits for the element found by ``selector`` to satisfy state option.</doc>
<msg timestamp="20220720 14:09:50.361" level="INFO">Waited for Element with selector .be-geek-form at state visible</msg>
<status status="PASS" starttime="20220720 14:09:50.355" endtime="20220720 14:09:50.361"/>
</kw>
<status status="PASS" starttime="20220720 14:09:50.328" endtime="20220720 14:09:50.361"/>
</kw>
<status status="PASS" starttime="20220720 14:09:41.159" endtime="20220720 14:09:50.361"/>
</kw>
<test id="s1-s1-t1" name="Short Desc" line="15">
<kw name="Attempt To Be A Geek" library="AttemptBeGeekActions">
<arg>desc</arg>
<arg>Descrição curta</arg>
<arg>A descrição deve ter no minimo 80 caracteres</arg>
<kw name="Factory User" library="Users">
<var>${user}</var>
<arg>attempt_be_geek</arg>
<msg timestamp="20220720 14:09:50.365" level="INFO">${user} = {'name': 'Geek', 'lastname': 'Numero 2', 'email': 'geek2@email.com', 'password': 'abc123', 'geek_profile': {'whatsapp': '11999999999', 'desc': ['Tempora ipsa dolore doloribus culpa repellendus a.', 'L...</msg>
<status status="PASS" starttime="20220720 14:09:50.365" endtime="20220720 14:09:50.365"/>
</kw>
<kw name="Set To Dictionary" library="Collections">
<arg>${user}[geek_profile]</arg>
<arg>${key}</arg>
<arg>${input}</arg>
<doc>Adds the given ``key_value_pairs`` and ``items`` to the ``dictionary``.</doc>
<status status="PASS" starttime="20220720 14:09:50.365" endtime="20220720 14:09:50.366"/>
</kw>
<kw name="Fill Geek Form" library="BeGeekActions">
<arg>${user}[geek_profile]</arg>
<kw name="Reset Be Geek Form" library="BeGeekActions">
<kw name="Evaluate JavaScript" library="Browser">
<arg>.be-geek-form</arg>
<arg>document.getElementsByClassName('be-geek-form')[0].reset();</arg>
<tag>Getter</tag>
<tag>PageContent</tag>
<tag>Setter</tag>
<doc>Executes given javascript on the selected element(s) or on page.</doc>
<status status="PASS" starttime="20220720 14:09:50.366" endtime="20220720 14:09:50.372"/>
</kw>
<status status="PASS" starttime="20220720 14:09:50.366" endtime="20220720 14:09:50.373"/>
</kw>
<kw name="Fill Text" library="Browser">
<arg>id=whatsapp</arg>
<arg>${geek_profile}[whatsapp]</arg>
<tag>PageContent</tag>
<tag>Setter</tag>
<doc>Clears and fills the given ``txt`` into the text field found by ``selector``.</doc>
<msg timestamp="20220720 14:09:50.373" level="INFO">Fills the text '11999999999' in the given field.</msg>
<status status="PASS" starttime="20220720 14:09:50.373" endtime="20220720 14:09:50.383"/>
</kw>
<kw name="Fill Text" library="Browser">
<arg>id=desc</arg>
<arg>${geek_profile}[desc]</arg>
<tag>PageContent</tag>
<tag>Setter</tag>
<doc>Clears and fills the given ``txt`` into the text field found by ``selector``.</doc>
<msg timestamp="20220720 14:09:50.383" level="INFO">Fills the text 'Descrição curta' in the given field.</msg>
<status status="PASS" starttime="20220720 14:09:50.383" endtime="20220720 14:09:50.391"/>
</kw>
<if>
<branch type="IF" condition="'${geek_profile}[printer_repair]'">
<kw name="Select Options By" library="Browser">
<arg>id=printer_repair</arg>
<arg>text</arg>
<arg>${geek_profile}[printer_repair]</arg>
<tag>PageContent</tag>
<tag>Setter</tag>
<doc>Selects options from select element found by ``selector``.</doc>
<status status="PASS" starttime="20220720 14:09:50.391" endtime="20220720 14:09:50.411"/>
</kw>
<status status="PASS" starttime="20220720 14:09:50.391" endtime="20220720 14:09:50.411"/>
</branch>
<status status="PASS" starttime="20220720 14:09:50.391" endtime="20220720 14:09:50.411"/>
</if>
<if>
<branch type="IF" condition="'${geek_profile}[work]'">
<kw name="Select Options By" library="Browser">
<arg>id=work</arg>
<arg>text</arg>
<arg>${geek_profile}[work]</arg>
<tag>PageContent</tag>
<tag>Setter</tag>
<doc>Selects options from select element found by ``selector``.</doc>
<status status="PASS" starttime="20220720 14:09:50.411" endtime="20220720 14:09:50.428"/>
</kw>
<status status="PASS" starttime="20220720 14:09:50.411" endtime="20220720 14:09:50.428"/>
</branch>
<status status="PASS" starttime="20220720 14:09:50.411" endtime="20220720 14:09:50.428"/>
</if>
<kw name="Fill Text" library="Browser">
<arg>id=cost</arg>
<arg>${geek_profile}[cost]</arg>
<tag>PageContent</tag>
<tag>Setter</tag>
<doc>Clears and fills the given ``txt`` into the text field found by ``selector``.</doc>
<msg timestamp="20220720 14:09:50.428" level="INFO">Fills the text '200' in the given field.</msg>
<status status="PASS" starttime="20220720 14:09:50.428" endtime="20220720 14:09:50.435"/>
</kw>
<status status="PASS" starttime="20220720 14:09:50.366" endtime="20220720 14:09:50.435"/>
</kw>
<kw name="Submit Geek Form" library="BeGeekActions">
<kw name="Click" library="Browser">
<arg>button &gt;&gt; text=Quero ser um Geek</arg>
<tag>PageContent</tag>
<tag>Setter</tag>
<doc>Simulates mouse click on the element found by ``selector``.</doc>
<status status="PASS" starttime="20220720 14:09:50.435" endtime="20220720 14:09:50.467"/>
</kw>
<status status="PASS" starttime="20220720 14:09:50.435" endtime="20220720 14:09:50.467"/>
</kw>
<kw name="Alert Span Should Be" library="_SharedActions">
<arg>${output}</arg>
<kw name="Set Variable" library="BuiltIn">
<var>${notification}</var>
<arg>span[class=error] &gt;&gt; text=${expected_alert}</arg>
<doc>Returns the given values which can then be assigned to a variables.</doc>
<msg timestamp="20220720 14:09:50.468" level="INFO">${notification} = span[class=error] &gt;&gt; text=A descrição deve ter no minimo 80 caracteres</msg>
<status status="PASS" starttime="20220720 14:09:50.468" endtime="20220720 14:09:50.468"/>
</kw>
<kw name="Wait For Elements State" library="Browser">
<arg>${notification}</arg>
<arg>visible</arg>
<arg>5s</arg>
<tag>PageContent</tag>
<tag>Wait</tag>
<doc>Waits for the element found by ``selector`` to satisfy state option.</doc>
<msg timestamp="20220720 14:09:50.473" level="INFO">Waited for Element with selector span[class=error] &gt;&gt; text=A descrição deve ter no minimo 80 caracteres at state visible</msg>
<status status="PASS" starttime="20220720 14:09:50.468" endtime="20220720 14:09:50.473"/>
</kw>
<status status="PASS" starttime="20220720 14:09:50.467" endtime="20220720 14:09:50.473"/>
</kw>
<kw name="After Test" library="Base">
<kw name="Screenshot Name" library="Utils">
<var>${screenshot_name}</var>
<msg timestamp="20220720 14:09:50.474" level="INFO">${screenshot_name} = e9ffacf5bc780ceed7721aaa76a2c81744e5f782</msg>
<status status="PASS" starttime="20220720 14:09:50.474" endtime="20220720 14:09:50.474"/>
</kw>
<kw name="Take Screenshot" library="Browser">
<arg>fullPage=True</arg>
<arg>filename=${screenshot_name}</arg>
<tag>PageContent</tag>
<doc>Takes a screenshot of the current window or element and saves it to disk.</doc>
<msg timestamp="20220720 14:09:50.577" level="INFO" html="true">&lt;/td&gt;&lt;/tr&gt;&lt;tr&gt;&lt;td colspan="3"&gt;&lt;a href="browser/screenshot/e9ffacf5bc780ceed7721aaa76a2c81744e5f782.png"&gt;&lt;img src="browser/screenshot/e9ffacf5bc780ceed7721aaa76a2c81744e5f782.png" width="800px"&gt;&lt;/a&gt;</msg>
<status status="PASS" starttime="20220720 14:09:50.474" endtime="20220720 14:09:50.578"/>
</kw>
<status status="PASS" starttime="20220720 14:09:50.473" endtime="20220720 14:09:50.578"/>
</kw>
<status status="PASS" starttime="20220720 14:09:50.365" endtime="20220720 14:09:50.578"/>
</kw>
<status status="PASS" starttime="20220720 14:09:50.361" endtime="20220720 14:09:50.579"/>
</test>
<test id="s1-s1-t2" name="Long Desc" line="16">
<kw name="Attempt To Be A Geek" library="AttemptBeGeekActions">
<arg>desc</arg>
<arg>${long_desc}</arg>
<arg>A descrição deve ter no máximo 255 caracteres</arg>
<kw name="Factory User" library="Users">
<var>${user}</var>
<arg>attempt_be_geek</arg>
<msg timestamp="20220720 14:09:50.588" level="INFO">${user} = {'name': 'Geek', 'lastname': 'Numero 2', 'email': 'geek2@email.com', 'password': 'abc123', 'geek_profile': {'whatsapp': '11999999999', 'desc': ['Eveniet maiores suscipit dolor facilis recusandae tempo...</msg>
<status status="PASS" starttime="20220720 14:09:50.587" endtime="20220720 14:09:50.588"/>
</kw>
<kw name="Set To Dictionary" library="Collections">
<arg>${user}[geek_profile]</arg>
<arg>${key}</arg>
<arg>${input}</arg>
<doc>Adds the given ``key_value_pairs`` and ``items`` to the ``dictionary``.</doc>
<status status="PASS" starttime="20220720 14:09:50.588" endtime="20220720 14:09:50.588"/>
</kw>
<kw name="Fill Geek Form" library="BeGeekActions">
<arg>${user}[geek_profile]</arg>
<kw name="Reset Be Geek Form" library="BeGeekActions">
<kw name="Evaluate JavaScript" library="Browser">
<arg>.be-geek-form</arg>
<arg>document.getElementsByClassName('be-geek-form')[0].reset();</arg>
<tag>Getter</tag>
<tag>PageContent</tag>
<tag>Setter</tag>
<doc>Executes given javascript on the selected element(s) or on page.</doc>
<status status="PASS" starttime="20220720 14:09:50.589" endtime="20220720 14:09:50.595"/>
</kw>
<status status="PASS" starttime="20220720 14:09:50.588" endtime="20220720 14:09:50.595"/>
</kw>
<kw name="Fill Text" library="Browser">
<arg>id=whatsapp</arg>
<arg>${geek_profile}[whatsapp]</arg>
<tag>PageContent</tag>
<tag>Setter</tag>
<doc>Clears and fills the given ``txt`` into the text field found by ``selector``.</doc>
<msg timestamp="20220720 14:09:50.596" level="INFO">Fills the text '11999999999' in the given field.</msg>
<status status="PASS" starttime="20220720 14:09:50.595" endtime="20220720 14:09:50.604"/>
</kw>
<kw name="Fill Text" library="Browser">
<arg>id=desc</arg>
<arg>${geek_profile}[desc]</arg>
<tag>PageContent</tag>
<tag>Setter</tag>
<doc>Clears and fills the given ``txt`` into the text field found by ``selector``.</doc>
<msg timestamp="20220720 14:09:50.605" level="INFO">Fills the text 'Descrição com mais de 255 caracteres. Descrição com mais de 255 caracteres. Descrição com mais de 255 caracteres. Descrição com mais de 255 caracteres. Descrição com mais de 255 caracteres. Descrição com mais de 255 caracteres. Descrição com mais de 255 caracteres.' in the given field.</msg>
<status status="PASS" starttime="20220720 14:09:50.604" endtime="20220720 14:09:50.618"/>
</kw>
<if>
<branch type="IF" condition="'${geek_profile}[printer_repair]'">
<kw name="Select Options By" library="Browser">
<arg>id=printer_repair</arg>
<arg>text</arg>
<arg>${geek_profile}[printer_repair]</arg>
<tag>PageContent</tag>
<tag>Setter</tag>
<doc>Selects options from select element found by ``selector``.</doc>
<status status="PASS" starttime="20220720 14:09:50.618" endtime="20220720 14:09:50.653"/>
</kw>
<status status="PASS" starttime="20220720 14:09:50.618" endtime="20220720 14:09:50.653"/>
</branch>
<status status="PASS" starttime="20220720 14:09:50.618" endtime="20220720 14:09:50.653"/>
</if>
<if>
<branch type="IF" condition="'${geek_profile}[work]'">
<kw name="Select Options By" library="Browser">
<arg>id=work</arg>
<arg>text</arg>
<arg>${geek_profile}[work]</arg>
<tag>PageContent</tag>
<tag>Setter</tag>
<doc>Selects options from select element found by ``selector``.</doc>
<status status="PASS" starttime="20220720 14:09:50.654" endtime="20220720 14:09:50.693"/>
</kw>
<status status="PASS" starttime="20220720 14:09:50.653" endtime="20220720 14:09:50.694"/>
</branch>
<status status="PASS" starttime="20220720 14:09:50.653" endtime="20220720 14:09:50.694"/>
</if>
<kw name="Fill Text" library="Browser">
<arg>id=cost</arg>
<arg>${geek_profile}[cost]</arg>
<tag>PageContent</tag>
<tag>Setter</tag>
<doc>Clears and fills the given ``txt`` into the text field found by ``selector``.</doc>
<msg timestamp="20220720 14:09:50.694" level="INFO">Fills the text '200' in the given field.</msg>
<status status="PASS" starttime="20220720 14:09:50.694" endtime="20220720 14:09:50.703"/>
</kw>
<status status="PASS" starttime="20220720 14:09:50.588" endtime="20220720 14:09:50.703"/>
</kw>
<kw name="Submit Geek Form" library="BeGeekActions">
<kw name="Click" library="Browser">
<arg>button &gt;&gt; text=Quero ser um Geek</arg>
<tag>PageContent</tag>
<tag>Setter</tag>
<doc>Simulates mouse click on the element found by ``selector``.</doc>
<status status="PASS" starttime="20220720 14:09:50.703" endtime="20220720 14:09:50.752"/>
</kw>
<status status="PASS" starttime="20220720 14:09:50.703" endtime="20220720 14:09:50.752"/>
</kw>
<kw name="Alert Span Should Be" library="_SharedActions">
<arg>${output}</arg>
<kw name="Set Variable" library="BuiltIn">
<var>${notification}</var>
<arg>span[class=error] &gt;&gt; text=${expected_alert}</arg>
<doc>Returns the given values which can then be assigned to a variables.</doc>
<msg timestamp="20220720 14:09:50.753" level="INFO">${notification} = span[class=error] &gt;&gt; text=A descrição deve ter no máximo 255 caracteres</msg>
<status status="PASS" starttime="20220720 14:09:50.753" endtime="20220720 14:09:50.753"/>
</kw>
<kw name="Wait For Elements State" library="Browser">
<arg>${notification}</arg>
<arg>visible</arg>
<arg>5s</arg>
<tag>PageContent</tag>
<tag>Wait</tag>
<doc>Waits for the element found by ``selector`` to satisfy state option.</doc>
<msg timestamp="20220720 14:09:50.761" level="INFO">Waited for Element with selector span[class=error] &gt;&gt; text=A descrição deve ter no máximo 255 caracteres at state visible</msg>
<status status="PASS" starttime="20220720 14:09:50.753" endtime="20220720 14:09:50.761"/>
</kw>
<status status="PASS" starttime="20220720 14:09:50.752" endtime="20220720 14:09:50.761"/>
</kw>
<kw name="After Test" library="Base">
<kw name="Screenshot Name" library="Utils">
<var>${screenshot_name}</var>
<msg timestamp="20220720 14:09:50.762" level="INFO">${screenshot_name} = c035c962464758033e911a66ff261681191c1491</msg>
<status status="PASS" starttime="20220720 14:09:50.761" endtime="20220720 14:09:50.762"/>
</kw>
<kw name="Take Screenshot" library="Browser">
<arg>fullPage=True</arg>
<arg>filename=${screenshot_name}</arg>
<tag>PageContent</tag>
<doc>Takes a screenshot of the current window or element and saves it to disk.</doc>
<msg timestamp="20220720 14:09:50.846" level="INFO" html="true">&lt;/td&gt;&lt;/tr&gt;&lt;tr&gt;&lt;td colspan="3"&gt;&lt;a href="browser/screenshot/c035c962464758033e911a66ff261681191c1491.png"&gt;&lt;img src="browser/screenshot/c035c962464758033e911a66ff261681191c1491.png" width="800px"&gt;&lt;/a&gt;</msg>
<status status="PASS" starttime="20220720 14:09:50.762" endtime="20220720 14:09:50.846"/>
</kw>
<status status="PASS" starttime="20220720 14:09:50.761" endtime="20220720 14:09:50.847"/>
</kw>
<status status="PASS" starttime="20220720 14:09:50.587" endtime="20220720 14:09:50.847"/>
</kw>
<status status="PASS" starttime="20220720 14:09:50.584" endtime="20220720 14:09:50.847"/>
</test>
<test id="s1-s1-t3" name="Empty Desc" line="17">
<kw name="Attempt To Be A Geek" library="AttemptBeGeekActions">
<arg>desc</arg>
<arg>${EMPTY}</arg>
<arg>Informe a descrição do seu trabalho</arg>
<kw name="Factory User" library="Users">
<var>${user}</var>
<arg>attempt_be_geek</arg>
<msg timestamp="20220720 14:09:50.856" level="INFO">${user} = {'name': 'Geek', 'lastname': 'Numero 2', 'email': 'geek2@email.com', 'password': 'abc123', 'geek_profile': {'whatsapp': '11999999999', 'desc': ['Quasi sequi inventore officiis.', 'Ad asperiores maiore...</msg>
<status status="PASS" starttime="20220720 14:09:50.855" endtime="20220720 14:09:50.856"/>
</kw>
<kw name="Set To Dictionary" library="Collections">
<arg>${user}[geek_profile]</arg>
<arg>${key}</arg>
<arg>${input}</arg>
<doc>Adds the given ``key_value_pairs`` and ``items`` to the ``dictionary``.</doc>
<status status="PASS" starttime="20220720 14:09:50.856" endtime="20220720 14:09:50.856"/>
</kw>
<kw name="Fill Geek Form" library="BeGeekActions">
<arg>${user}[geek_profile]</arg>
<kw name="Reset Be Geek Form" library="BeGeekActions">
<kw name="Evaluate JavaScript" library="Browser">
<arg>.be-geek-form</arg>
<arg>document.getElementsByClassName('be-geek-form')[0].reset();</arg>
<tag>Getter</tag>
<tag>PageContent</tag>
<tag>Setter</tag>
<doc>Executes given javascript on the selected element(s) or on page.</doc>
<status status="PASS" starttime="20220720 14:09:50.858" endtime="20220720 14:09:50.866"/>
</kw>
<status status="PASS" starttime="20220720 14:09:50.857" endtime="20220720 14:09:50.866"/>
</kw>
<kw name="Fill Text" library="Browser">
<arg>id=whatsapp</arg>
<arg>${geek_profile}[whatsapp]</arg>
<tag>PageContent</tag>
<tag>Setter</tag>
<doc>Clears and fills the given ``txt`` into the text field found by ``selector``.</doc>
<msg timestamp="20220720 14:09:50.867" level="INFO">Fills the text '11999999999' in the given field.</msg>
<status status="PASS" starttime="20220720 14:09:50.866" endtime="20220720 14:09:50.877"/>
</kw>
<kw name="Fill Text" library="Browser">
<arg>id=desc</arg>
<arg>${geek_profile}[desc]</arg>
<tag>PageContent</tag>
<tag>Setter</tag>
<doc>Clears and fills the given ``txt`` into the text field found by ``selector``.</doc>
<msg timestamp="20220720 14:09:50.878" level="INFO">Fills the text '' in the given field.</msg>
<status status="PASS" starttime="20220720 14:09:50.878" endtime="20220720 14:09:50.887"/>
</kw>
<if>
<branch type="IF" condition="'${geek_profile}[printer_repair]'">
<kw name="Select Options By" library="Browser">
<arg>id=printer_repair</arg>
<arg>text</arg>
<arg>${geek_profile}[printer_repair]</arg>
<tag>PageContent</tag>
<tag>Setter</tag>
<doc>Selects options from select element found by ``selector``.</doc>
<status status="PASS" starttime="20220720 14:09:50.887" endtime="20220720 14:09:50.912"/>
</kw>
<status status="PASS" starttime="20220720 14:09:50.887" endtime="20220720 14:09:50.912"/>
</branch>
<status status="PASS" starttime="20220720 14:09:50.887" endtime="20220720 14:09:50.912"/>
</if>
<if>
<branch type="IF" condition="'${geek_profile}[work]'">
<kw name="Select Options By" library="Browser">
<arg>id=work</arg>
<arg>text</arg>
<arg>${geek_profile}[work]</arg>
<tag>PageContent</tag>
<tag>Setter</tag>
<doc>Selects options from select element found by ``selector``.</doc>
<status status="PASS" starttime="20220720 14:09:50.912" endtime="20220720 14:09:50.940"/>
</kw>
<status status="PASS" starttime="20220720 14:09:50.912" endtime="20220720 14:09:50.940"/>
</branch>
<status status="PASS" starttime="20220720 14:09:50.912" endtime="20220720 14:09:50.940"/>
</if>
<kw name="Fill Text" library="Browser">
<arg>id=cost</arg>
<arg>${geek_profile}[cost]</arg>
<tag>PageContent</tag>
<tag>Setter</tag>
<doc>Clears and fills the given ``txt`` into the text field found by ``selector``.</doc>
<msg timestamp="20220720 14:09:50.940" level="INFO">Fills the text '200' in the given field.</msg>
<status status="PASS" starttime="20220720 14:09:50.940" endtime="20220720 14:09:50.947"/>
</kw>
<status status="PASS" starttime="20220720 14:09:50.856" endtime="20220720 14:09:50.947"/>
</kw>
<kw name="Submit Geek Form" library="BeGeekActions">
<kw name="Click" library="Browser">
<arg>button &gt;&gt; text=Quero ser um Geek</arg>
<tag>PageContent</tag>
<tag>Setter</tag>
<doc>Simulates mouse click on the element found by ``selector``.</doc>
<status status="PASS" starttime="20220720 14:09:50.947" endtime="20220720 14:09:50.980"/>
</kw>
<status status="PASS" starttime="20220720 14:09:50.947" endtime="20220720 14:09:50.981"/>
</kw>
<kw name="Alert Span Should Be" library="_SharedActions">
<arg>${output}</arg>
<kw name="Set Variable" library="BuiltIn">
<var>${notification}</var>
<arg>span[class=error] &gt;&gt; text=${expected_alert}</arg>
<doc>Returns the given values which can then be assigned to a variables.</doc>
<msg timestamp="20220720 14:09:50.981" level="INFO">${notification} = span[class=error] &gt;&gt; text=Informe a descrição do seu trabalho</msg>
<status status="PASS" starttime="20220720 14:09:50.981" endtime="20220720 14:09:50.981"/>
</kw>
<kw name="Wait For Elements State" library="Browser">
<arg>${notification}</arg>
<arg>visible</arg>
<arg>5s</arg>
<tag>PageContent</tag>
<tag>Wait</tag>
<doc>Waits for the element found by ``selector`` to satisfy state option.</doc>
<msg timestamp="20220720 14:09:50.985" level="INFO">Waited for Element with selector span[class=error] &gt;&gt; text=Informe a descrição do seu trabalho at state visible</msg>
<status status="PASS" starttime="20220720 14:09:50.981" endtime="20220720 14:09:50.985"/>
</kw>
<status status="PASS" starttime="20220720 14:09:50.981" endtime="20220720 14:09:50.985"/>
</kw>
<kw name="After Test" library="Base">
<kw name="Screenshot Name" library="Utils">
<var>${screenshot_name}</var>
<msg timestamp="20220720 14:09:50.985" level="INFO">${screenshot_name} = 702f239677f16e80b19b0622fd6f1b5db020e70f</msg>
<status status="PASS" starttime="20220720 14:09:50.985" endtime="20220720 14:09:50.985"/>
</kw>
<kw name="Take Screenshot" library="Browser">
<arg>fullPage=True</arg>
<arg>filename=${screenshot_name}</arg>
<tag>PageContent</tag>
<doc>Takes a screenshot of the current window or element and saves it to disk.</doc>
<msg timestamp="20220720 14:09:51.073" level="INFO" html="true">&lt;/td&gt;&lt;/tr&gt;&lt;tr&gt;&lt;td colspan="3"&gt;&lt;a href="browser/screenshot/702f239677f16e80b19b0622fd6f1b5db020e70f.png"&gt;&lt;img src="browser/screenshot/702f239677f16e80b19b0622fd6f1b5db020e70f.png" width="800px"&gt;&lt;/a&gt;</msg>
<status status="PASS" starttime="20220720 14:09:50.985" endtime="20220720 14:09:51.073"/>
</kw>
<status status="PASS" starttime="20220720 14:09:50.985" endtime="20220720 14:09:51.073"/>
</kw>
<status status="PASS" starttime="20220720 14:09:50.854" endtime="20220720 14:09:51.073"/>
</kw>
<status status="PASS" starttime="20220720 14:09:50.852" endtime="20220720 14:09:51.073"/>
</test>
<test id="s1-s1-t4" name="Empty Whatsapp" line="19">
<kw name="Attempt To Be A Geek" library="AttemptBeGeekActions">
<arg>whatsapp</arg>
<arg>${EMPTY}</arg>
<arg>O Whatsapp deve ter 11 digitos contando com o DDD</arg>
<kw name="Factory User" library="Users">
<var>${user}</var>
<arg>attempt_be_geek</arg>
<msg timestamp="20220720 14:09:51.081" level="INFO">${user} = {'name': 'Geek', 'lastname': 'Numero 2', 'email': 'geek2@email.com', 'password': 'abc123', 'geek_profile': {'whatsapp': '11999999999', 'desc': ['Est velit iusto. Possimus reprehenderit omnis.', 'Labor...</msg>
<status status="PASS" starttime="20220720 14:09:51.081" endtime="20220720 14:09:51.081"/>
</kw>
<kw name="Set To Dictionary" library="Collections">
<arg>${user}[geek_profile]</arg>
<arg>${key}</arg>
<arg>${input}</arg>
<doc>Adds the given ``key_value_pairs`` and ``items`` to the ``dictionary``.</doc>
<status status="PASS" starttime="20220720 14:09:51.081" endtime="20220720 14:09:51.081"/>
</kw>
<kw name="Fill Geek Form" library="BeGeekActions">
<arg>${user}[geek_profile]</arg>
<kw name="Reset Be Geek Form" library="BeGeekActions">
<kw name="Evaluate JavaScript" library="Browser">
<arg>.be-geek-form</arg>
<arg>document.getElementsByClassName('be-geek-form')[0].reset();</arg>
<tag>Getter</tag>
<tag>PageContent</tag>
<tag>Setter</tag>
<doc>Executes given javascript on the selected element(s) or on page.</doc>
<status status="PASS" starttime="20220720 14:09:51.082" endtime="20220720 14:09:51.086"/>
</kw>
<status status="PASS" starttime="20220720 14:09:51.082" endtime="20220720 14:09:51.086"/>
</kw>
<kw name="Fill Text" library="Browser">
<arg>id=whatsapp</arg>
<arg>${geek_profile}[whatsapp]</arg>
<tag>PageContent</tag>
<tag>Setter</tag>
<doc>Clears and fills the given ``txt`` into the text field found by ``selector``.</doc>
<msg timestamp="20220720 14:09:51.087" level="INFO">Fills the text '' in the given field.</msg>
<status status="PASS" starttime="20220720 14:09:51.087" endtime="20220720 14:09:51.094"/>
</kw>
<kw name="Fill Text" library="Browser">
<arg>id=desc</arg>
<arg>${geek_profile}[desc]</arg>
<tag>PageContent</tag>
<tag>Setter</tag>
<doc>Clears and fills the given ``txt`` into the text field found by ``selector``.</doc>
<msg timestamp="20220720 14:09:51.094" level="INFO">Fills the text '['Est velit iusto. Possimus reprehenderit omnis.', 'Labore repellat sequi doloribus. Nobis in pariatur tempora.', 'Nesciunt error porro dolor architecto. Aliquam velit soluta cum.']' in the given field.</msg>
<status status="PASS" starttime="20220720 14:09:51.094" endtime="20220720 14:09:51.099"/>
</kw>
<if>
<branch type="IF" condition="'${geek_profile}[printer_repair]'">
<kw name="Select Options By" library="Browser">
<arg>id=printer_repair</arg>
<arg>text</arg>
<arg>${geek_profile}[printer_repair]</arg>
<tag>PageContent</tag>
<tag>Setter</tag>
<doc>Selects options from select element found by ``selector``.</doc>
<status status="PASS" starttime="20220720 14:09:51.100" endtime="20220720 14:09:51.120"/>
</kw>
<status status="PASS" starttime="20220720 14:09:51.099" endtime="20220720 14:09:51.120"/>
</branch>
<status status="PASS" starttime="20220720 14:09:51.099" endtime="20220720 14:09:51.120"/>
</if>
<if>
<branch type="IF" condition="'${geek_profile}[work]'">
<kw name="Select Options By" library="Browser">
<arg>id=work</arg>
<arg>text</arg>
<arg>${geek_profile}[work]</arg>
<tag>PageContent</tag>
<tag>Setter</tag>
<doc>Selects options from select element found by ``selector``.</doc>
<status status="PASS" starttime="20220720 14:09:51.120" endtime="20220720 14:09:51.140"/>
</kw>
<status status="PASS" starttime="20220720 14:09:51.120" endtime="20220720 14:09:51.140"/>
</branch>
<status status="PASS" starttime="20220720 14:09:51.120" endtime="20220720 14:09:51.140"/>
</if>
<kw name="Fill Text" library="Browser">
<arg>id=cost</arg>
<arg>${geek_profile}[cost]</arg>
<tag>PageContent</tag>
<tag>Setter</tag>
<doc>Clears and fills the given ``txt`` into the text field found by ``selector``.</doc>
<msg timestamp="20220720 14:09:51.141" level="INFO">Fills the text '200' in the given field.</msg>
<status status="PASS" starttime="20220720 14:09:51.140" endtime="20220720 14:09:51.146"/>
</kw>
<status status="PASS" starttime="20220720 14:09:51.081" endtime="20220720 14:09:51.146"/>
</kw>
<kw name="Submit Geek Form" library="BeGeekActions">
<kw name="Click" library="Browser">
<arg>button &gt;&gt; text=Quero ser um Geek</arg>
<tag>PageContent</tag>
<tag>Setter</tag>
<doc>Simulates mouse click on the element found by ``selector``.</doc>
<status status="PASS" starttime="20220720 14:09:51.146" endtime="20220720 14:09:51.180"/>
</kw>
<status status="PASS" starttime="20220720 14:09:51.146" endtime="20220720 14:09:51.181"/>
</kw>
<kw name="Alert Span Should Be" library="_SharedActions">
<arg>${output}</arg>
<kw name="Set Variable" library="BuiltIn">
<var>${notification}</var>
<arg>span[class=error] &gt;&gt; text=${expected_alert}</arg>
<doc>Returns the given values which can then be assigned to a variables.</doc>
<msg timestamp="20220720 14:09:51.181" level="INFO">${notification} = span[class=error] &gt;&gt; text=O Whatsapp deve ter 11 digitos contando com o DDD</msg>
<status status="PASS" starttime="20220720 14:09:51.181" endtime="20220720 14:09:51.181"/>
</kw>
<kw name="Wait For Elements State" library="Browser">
<arg>${notification}</arg>
<arg>visible</arg>
<arg>5s</arg>
<tag>PageContent</tag>
<tag>Wait</tag>
<doc>Waits for the element found by ``selector`` to satisfy state option.</doc>
<msg timestamp="20220720 14:09:51.184" level="INFO">Waited for Element with selector span[class=error] &gt;&gt; text=O Whatsapp deve ter 11 digitos contando com o DDD at state visible</msg>
<status status="PASS" starttime="20220720 14:09:51.181" endtime="20220720 14:09:51.184"/>
</kw>
<status status="PASS" starttime="20220720 14:09:51.181" endtime="20220720 14:09:51.184"/>
</kw>
<kw name="After Test" library="Base">
<kw name="Screenshot Name" library="Utils">
<var>${screenshot_name}</var>
<msg timestamp="20220720 14:09:51.185" level="INFO">${screenshot_name} = fbf5118640660697bc823fa32b974ab30ae7bd47</msg>
<status status="PASS" starttime="20220720 14:09:51.185" endtime="20220720 14:09:51.185"/>
</kw>
<kw name="Take Screenshot" library="Browser">
<arg>fullPage=True</arg>
<arg>filename=${screenshot_name}</arg>
<tag>PageContent</tag>
<doc>Takes a screenshot of the current window or element and saves it to disk.</doc>
<msg timestamp="20220720 14:09:51.274" level="INFO" html="true">&lt;/td&gt;&lt;/tr&gt;&lt;tr&gt;&lt;td colspan="3"&gt;&lt;a href="browser/screenshot/fbf5118640660697bc823fa32b974ab30ae7bd47.png"&gt;&lt;img src="browser/screenshot/fbf5118640660697bc823fa32b974ab30ae7bd47.png" width="800px"&gt;&lt;/a&gt;</msg>
<status status="PASS" starttime="20220720 14:09:51.185" endtime="20220720 14:09:51.274"/>
</kw>
<status status="PASS" starttime="20220720 14:09:51.185" endtime="20220720 14:09:51.274"/>
</kw>
<status status="PASS" starttime="20220720 14:09:51.080" endtime="20220720 14:09:51.274"/>
</kw>
<status status="PASS" starttime="20220720 14:09:51.076" endtime="20220720 14:09:51.274"/>
</test>
<test id="s1-s1-t5" name="Whatsapp Only DDD" line="20">
<kw name="Attempt To Be A Geek" library="AttemptBeGeekActions">
<arg>whatsapp</arg>
<arg>11</arg>
<arg>O Whatsapp deve ter 11 digitos contando com o DDD</arg>
<kw name="Factory User" library="Users">
<var>${user}</var>
<arg>attempt_be_geek</arg>
<msg timestamp="20220720 14:09:51.280" level="INFO">${user} = {'name': 'Geek', 'lastname': 'Numero 2', 'email': 'geek2@email.com', 'password': 'abc123', 'geek_profile': {'whatsapp': '11999999999', 'desc': ['Maxime sint occaecati reprehenderit. Nisi voluptates ac...</msg>
<status status="PASS" starttime="20220720 14:09:51.280" endtime="20220720 14:09:51.280"/>
</kw>
<kw name="Set To Dictionary" library="Collections">
<arg>${user}[geek_profile]</arg>
<arg>${key}</arg>
<arg>${input}</arg>
<doc>Adds the given ``key_value_pairs`` and ``items`` to the ``dictionary``.</doc>
<status status="PASS" starttime="20220720 14:09:51.281" endtime="20220720 14:09:51.281"/>
</kw>
<kw name="Fill Geek Form" library="BeGeekActions">
<arg>${user}[geek_profile]</arg>
<kw name="Reset Be Geek Form" library="BeGeekActions">
<kw name="Evaluate JavaScript" library="Browser">
<arg>.be-geek-form</arg>
<arg>document.getElementsByClassName('be-geek-form')[0].reset();</arg>
<tag>Getter</tag>
<tag>PageContent</tag>
<tag>Setter</tag>
<doc>Executes given javascript on the selected element(s) or on page.</doc>
<status status="PASS" starttime="20220720 14:09:51.281" endtime="20220720 14:09:51.288"/>
</kw>
<status status="PASS" starttime="20220720 14:09:51.281" endtime="20220720 14:09:51.288"/>
</kw>
<kw name="Fill Text" library="Browser">
<arg>id=whatsapp</arg>
<arg>${geek_profile}[whatsapp]</arg>
<tag>PageContent</tag>
<tag>Setter</tag>
<doc>Clears and fills the given ``txt`` into the text field found by ``selector``.</doc>
<msg timestamp="20220720 14:09:51.288" level="INFO">Fills the text '11' in the given field.</msg>
<status status="PASS" starttime="20220720 14:09:51.288" endtime="20220720 14:09:51.295"/>
</kw>
<kw name="Fill Text" library="Browser">
<arg>id=desc</arg>
<arg>${geek_profile}[desc]</arg>
<tag>PageContent</tag>
<tag>Setter</tag>
<doc>Clears and fills the given ``txt`` into the text field found by ``selector``.</doc>
<msg timestamp="20220720 14:09:51.296" level="INFO">Fills the text '['Maxime sint occaecati reprehenderit. Nisi voluptates accusamus fuga.', 'Veniam nesciunt vero sunt. Maiores quod possimus voluptatibus quisquam laborum.', 'Doloremque molestias impedit natus.']' in the given field.</msg>
<status status="PASS" starttime="20220720 14:09:51.295" endtime="20220720 14:09:51.300"/>
</kw>
<if>
<branch type="IF" condition="'${geek_profile}[printer_repair]'">
<kw name="Select Options By" library="Browser">
<arg>id=printer_repair</arg>
<arg>text</arg>
<arg>${geek_profile}[printer_repair]</arg>
<tag>PageContent</tag>
<tag>Setter</tag>
<doc>Selects options from select element found by ``selector``.</doc>
<status status="PASS" starttime="20220720 14:09:51.300" endtime="20220720 14:09:51.317"/>
</kw>
<status status="PASS" starttime="20220720 14:09:51.300" endtime="20220720 14:09:51.317"/>
</branch>
<status status="PASS" starttime="20220720 14:09:51.300" endtime="20220720 14:09:51.317"/>
</if>
<if>
<branch type="IF" condition="'${geek_profile}[work]'">
<kw name="Select Options By" library="Browser">
<arg>id=work</arg>
<arg>text</arg>
<arg>${geek_profile}[work]</arg>
<tag>PageContent</tag>
<tag>Setter</tag>
<doc>Selects options from select element found by ``selector``.</doc>
<status status="PASS" starttime="20220720 14:09:51.318" endtime="20220720 14:09:51.336"/>
</kw>
<status status="PASS" starttime="20220720 14:09:51.317" endtime="20220720 14:09:51.336"/>
</branch>
<status status="PASS" starttime="20220720 14:09:51.317" endtime="20220720 14:09:51.336"/>
</if>
<kw name="Fill Text" library="Browser">
<arg>id=cost</arg>
<arg>${geek_profile}[cost]</arg>
<tag>PageContent</tag>
<tag>Setter</tag>
<doc>Clears and fills the given ``txt`` into the text field found by ``selector``.</doc>
<msg timestamp="20220720 14:09:51.336" level="INFO">Fills the text '200' in the given field.</msg>
<status status="PASS" starttime="20220720 14:09:51.336" endtime="20220720 14:09:51.341"/>
</kw>
<status status="PASS" starttime="20220720 14:09:51.281" endtime="20220720 14:09:51.341"/>
</kw>
<kw name="Submit Geek Form" library="BeGeekActions">
<kw name="Click" library="Browser">
<arg>button &gt;&gt; text=Quero ser um Geek</arg>
<tag>PageContent</tag>
<tag>Setter</tag>
<doc>Simulates mouse click on the element found by ``selector``.</doc>
<status status="PASS" starttime="20220720 14:09:51.342" endtime="20220720 14:09:51.380"/>
</kw>
<status status="PASS" starttime="20220720 14:09:51.341" endtime="20220720 14:09:51.380"/>
</kw>
<kw name="Alert Span Should Be" library="_SharedActions">
<arg>${output}</arg>
<kw name="Set Variable" library="BuiltIn">
<var>${notification}</var>
<arg>span[class=error] &gt;&gt; text=${expected_alert}</arg>
<doc>Returns the given values which can then be assigned to a variables.</doc>
<msg timestamp="20220720 14:09:51.381" level="INFO">${notification} = span[class=error] &gt;&gt; text=O Whatsapp deve ter 11 digitos contando com o DDD</msg>
<status status="PASS" starttime="20220720 14:09:51.381" endtime="20220720 14:09:51.381"/>
</kw>
<kw name="Wait For Elements State" library="Browser">
<arg>${notification}</arg>
<arg>visible</arg>
<arg>5s</arg>
<tag>PageContent</tag>
<tag>Wait</tag>
<doc>Waits for the element found by ``selector`` to satisfy state option.</doc>
<msg timestamp="20220720 14:09:51.384" level="INFO">Waited for Element with selector span[class=error] &gt;&gt; text=O Whatsapp deve ter 11 digitos contando com o DDD at state visible</msg>
<status status="PASS" starttime="20220720 14:09:51.381" endtime="20220720 14:09:51.384"/>
</kw>
<status status="PASS" starttime="20220720 14:09:51.380" endtime="20220720 14:09:51.384"/>
</kw>
<kw name="After Test" library="Base">
<kw name="Screenshot Name" library="Utils">
<var>${screenshot_name}</var>
<msg timestamp="20220720 14:09:51.385" level="INFO">${screenshot_name} = e8bdf60fe4cb1572f60cabf4277f2e2b6ce24ded</msg>
<status status="PASS" starttime="20220720 14:09:51.385" endtime="20220720 14:09:51.385"/>
</kw>
<kw name="Take Screenshot" library="Browser">
<arg>fullPage=True</arg>
<arg>filename=${screenshot_name}</arg>
<tag>PageContent</tag>
<doc>Takes a screenshot of the current window or element and saves it to disk.</doc>
<msg timestamp="20220720 14:09:51.474" level="INFO" html="true">&lt;/td&gt;&lt;/tr&gt;&lt;tr&gt;&lt;td colspan="3"&gt;&lt;a href="browser/screenshot/e8bdf60fe4cb1572f60cabf4277f2e2b6ce24ded.png"&gt;&lt;img src="browser/screenshot/e8bdf60fe4cb1572f60cabf4277f2e2b6ce24ded.png" width="800px"&gt;&lt;/a&gt;</msg>
<status status="PASS" starttime="20220720 14:09:51.385" endtime="20220720 14:09:51.474"/>
</kw>
<status status="PASS" starttime="20220720 14:09:51.384" endtime="20220720 14:09:51.474"/>
</kw>
<status status="PASS" starttime="20220720 14:09:51.280" endtime="20220720 14:09:51.474"/>
</kw>
<status status="PASS" starttime="20220720 14:09:51.277" endtime="20220720 14:09:51.474"/>
</test>
<test id="s1-s1-t6" name="Whatsapp Only Number" line="21">
<kw name="Attempt To Be A Geek" library="AttemptBeGeekActions">
<arg>whatsapp</arg>
<arg>999999999</arg>
<arg>O Whatsapp deve ter 11 digitos contando com o DDD</arg>
<kw name="Factory User" library="Users">
<var>${user}</var>
<arg>attempt_be_geek</arg>
<msg timestamp="20220720 14:09:51.479" level="INFO">${user} = {'name': 'Geek', 'lastname': 'Numero 2', 'email': 'geek2@email.com', 'password': 'abc123', 'geek_profile': {'whatsapp': '11999999999', 'desc': ['Aperiam vitae aliquam consectetur voluptatibus facere.'...</msg>
<status status="PASS" starttime="20220720 14:09:51.479" endtime="20220720 14:09:51.479"/>
</kw>
<kw name="Set To Dictionary" library="Collections">
<arg>${user}[geek_profile]</arg>
<arg>${key}</arg>
<arg>${input}</arg>
<doc>Adds the given ``key_value_pairs`` and ``items`` to the ``dictionary``.</doc>
<status status="PASS" starttime="20220720 14:09:51.479" endtime="20220720 14:09:51.479"/>
</kw>
<kw name="Fill Geek Form" library="BeGeekActions">
<arg>${user}[geek_profile]</arg>
<kw name="Reset Be Geek Form" library="BeGeekActions">
<kw name="Evaluate JavaScript" library="Browser">
<arg>.be-geek-form</arg>
<arg>document.getElementsByClassName('be-geek-form')[0].reset();</arg>
<tag>Getter</tag>
<tag>PageContent</tag>
<tag>Setter</tag>
<doc>Executes given javascript on the selected element(s) or on page.</doc>
<status status="PASS" starttime="20220720 14:09:51.480" endtime="20220720 14:09:51.486"/>
</kw>
<status status="PASS" starttime="20220720 14:09:51.480" endtime="20220720 14:09:51.486"/>
</kw>
<kw name="Fill Text" library="Browser">
<arg>id=whatsapp</arg>
<arg>${geek_profile}[whatsapp]</arg>
<tag>PageContent</tag>
<tag>Setter</tag>
<doc>Clears and fills the given ``txt`` into the text field found by ``selector``.</doc>
<msg timestamp="20220720 14:09:51.486" level="INFO">Fills the text '999999999' in the given field.</msg>
<status status="PASS" starttime="20220720 14:09:51.486" endtime="20220720 14:09:51.493"/>
</kw>
<kw name="Fill Text" library="Browser">
<arg>id=desc</arg>
<arg>${geek_profile}[desc]</arg>
<tag>PageContent</tag>
<tag>Setter</tag>
<doc>Clears and fills the given ``txt`` into the text field found by ``selector``.</doc>
<msg timestamp="20220720 14:09:51.494" level="INFO">Fills the text '['Aperiam vitae aliquam consectetur voluptatibus facere.', 'Aspernatur nesciunt tempora. Odio dolores ullam dolor.', 'Quia cupiditate molestiae aperiam sit nemo. Dolorum nisi accusantium nam.']' in the given field.</msg>
<status status="PASS" starttime="20220720 14:09:51.494" endtime="20220720 14:09:51.498"/>
</kw>
<if>
<branch type="IF" condition="'${geek_profile}[printer_repair]'">
<kw name="Select Options By" library="Browser">
<arg>id=printer_repair</arg>
<arg>text</arg>
<arg>${geek_profile}[printer_repair]</arg>
<tag>PageContent</tag>
<tag>Setter</tag>
<doc>Selects options from select element found by ``selector``.</doc>
<status status="PASS" starttime="20220720 14:09:51.499" endtime="20220720 14:09:51.513"/>
</kw>
<status status="PASS" starttime="20220720 14:09:51.498" endtime="20220720 14:09:51.513"/>
</branch>
<status status="PASS" starttime="20220720 14:09:51.498" endtime="20220720 14:09:51.513"/>
</if>
<if>
<branch type="IF" condition="'${geek_profile}[work]'">
<kw name="Select Options By" library="Browser">
<arg>id=work</arg>
<arg>text</arg>
<arg>${geek_profile}[work]</arg>
<tag>PageContent</tag>
<tag>Setter</tag>
<doc>Selects options from select element found by ``selector``.</doc>
<status status="PASS" starttime="20220720 14:09:51.513" endtime="20220720 14:09:51.530"/>
</kw>
<status status="PASS" starttime="20220720 14:09:51.513" endtime="20220720 14:09:51.530"/>
</branch>
<status status="PASS" starttime="20220720 14:09:51.513" endtime="20220720 14:09:51.530"/>
</if>
<kw name="Fill Text" library="Browser">
<arg>id=cost</arg>
<arg>${geek_profile}[cost]</arg>
<tag>PageContent</tag>
<tag>Setter</tag>
<doc>Clears and fills the given ``txt`` into the text field found by ``selector``.</doc>
<msg timestamp="20220720 14:09:51.531" level="INFO">Fills the text '200' in the given field.</msg>
<status status="PASS" starttime="20220720 14:09:51.530" endtime="20220720 14:09:51.535"/>
</kw>
<status status="PASS" starttime="20220720 14:09:51.479" endtime="20220720 14:09:51.535"/>
</kw>
<kw name="Submit Geek Form" library="BeGeekActions">
<kw name="Click" library="Browser">
<arg>button &gt;&gt; text=Quero ser um Geek</arg>
<tag>PageContent</tag>
<tag>Setter</tag>
<doc>Simulates mouse click on the element found by ``selector``.</doc>
<status status="PASS" starttime="20220720 14:09:51.536" endtime="20220720 14:09:51.565"/>
</kw>
<status status="PASS" starttime="20220720 14:09:51.535" endtime="20220720 14:09:51.565"/>
</kw>
<kw name="Alert Span Should Be" library="_SharedActions">
<arg>${output}</arg>
<kw name="Set Variable" library="BuiltIn">
<var>${notification}</var>
<arg>span[class=error] &gt;&gt; text=${expected_alert}</arg>
<doc>Returns the given values which can then be assigned to a variables.</doc>
<msg timestamp="20220720 14:09:51.565" level="INFO">${notification} = span[class=error] &gt;&gt; text=O Whatsapp deve ter 11 digitos contando com o DDD</msg>
<status status="PASS" starttime="20220720 14:09:51.565" endtime="20220720 14:09:51.565"/>
</kw>
<kw name="Wait For Elements State" library="Browser">
<arg>${notification}</arg>
<arg>visible</arg>
<arg>5s</arg>
<tag>PageContent</tag>
<tag>Wait</tag>
<doc>Waits for the element found by ``selector`` to satisfy state option.</doc>
<msg timestamp="20220720 14:09:51.569" level="INFO">Waited for Element with selector span[class=error] &gt;&gt; text=O Whatsapp deve ter 11 digitos contando com o DDD at state visible</msg>
<status status="PASS" starttime="20220720 14:09:51.566" endtime="20220720 14:09:51.569"/>
</kw>
<status status="PASS" starttime="20220720 14:09:51.565" endtime="20220720 14:09:51.569"/>
</kw>
<kw name="After Test" library="Base">
<kw name="Screenshot Name" library="Utils">
<var>${screenshot_name}</var>
<msg timestamp="20220720 14:09:51.569" level="INFO">${screenshot_name} = d389f6a7c6046c020f1b9664db7c26756d052449</msg>
<status status="PASS" starttime="20220720 14:09:51.569" endtime="20220720 14:09:51.569"/>
</kw>
<kw name="Take Screenshot" library="Browser">
<arg>fullPage=True</arg>
<arg>filename=${screenshot_name}</arg>
<tag>PageContent</tag>
<doc>Takes a screenshot of the current window or element and saves it to disk.</doc>
<msg timestamp="20220720 14:09:51.655" level="INFO" html="true">&lt;/td&gt;&lt;/tr&gt;&lt;tr&gt;&lt;td colspan="3"&gt;&lt;a href="browser/screenshot/d389f6a7c6046c020f1b9664db7c26756d052449.png"&gt;&lt;img src="browser/screenshot/d389f6a7c6046c020f1b9664db7c26756d052449.png" width="800px"&gt;&lt;/a&gt;</msg>
<status status="PASS" starttime="20220720 14:09:51.569" endtime="20220720 14:09:51.655"/>
</kw>
<status status="PASS" starttime="20220720 14:09:51.569" endtime="20220720 14:09:51.655"/>
</kw>
<status status="PASS" starttime="20220720 14:09:51.479" endtime="20220720 14:09:51.655"/>
</kw>
<status status="PASS" starttime="20220720 14:09:51.477" endtime="20220720 14:09:51.655"/>
</test>
<test id="s1-s1-t7" name="Empty cost" line="23">
<kw name="Attempt To Be A Geek" library="AttemptBeGeekActions">
<arg>cost</arg>
<arg>${EMPTY}</arg>
<arg>Valor hora deve ser numérico</arg>
<kw name="Factory User" library="Users">
<var>${user}</var>
<arg>attempt_be_geek</arg>
<msg timestamp="20220720 14:09:51.663" level="INFO">${user} = {'name': 'Geek', 'lastname': 'Numero 2', 'email': 'geek2@email.com', 'password': 'abc123', 'geek_profile': {'whatsapp': '11999999999', 'desc': ['Iusto et mollitia praesentium vero. Repellat natus corr...</msg>
<status status="PASS" starttime="20220720 14:09:51.663" endtime="20220720 14:09:51.663"/>
</kw>
<kw name="Set To Dictionary" library="Collections">
<arg>${user}[geek_profile]</arg>
<arg>${key}</arg>
<arg>${input}</arg>
<doc>Adds the given ``key_value_pairs`` and ``items`` to the ``dictionary``.</doc>
<status status="PASS" starttime="20220720 14:09:51.663" endtime="20220720 14:09:51.663"/>
</kw>
<kw name="Fill Geek Form" library="BeGeekActions">
<arg>${user}[geek_profile]</arg>
<kw name="Reset Be Geek Form" library="BeGeekActions">
<kw name="Evaluate JavaScript" library="Browser">
<arg>.be-geek-form</arg>
<arg>document.getElementsByClassName('be-geek-form')[0].reset();</arg>
<tag>Getter</tag>
<tag>PageContent</tag>
<tag>Setter</tag>
<doc>Executes given javascript on the selected element(s) or on page.</doc>
<status status="PASS" starttime="20220720 14:09:51.664" endtime="20220720 14:09:51.668"/>
</kw>
<status status="PASS" starttime="20220720 14:09:51.664" endtime="20220720 14:09:51.668"/>
</kw>
<kw name="Fill Text" library="Browser">
<arg>id=whatsapp</arg>
<arg>${geek_profile}[whatsapp]</arg>
<tag>PageContent</tag>
<tag>Setter</tag>
<doc>Clears and fills the given ``txt`` into the text field found by ``selector``.</doc>
<msg timestamp="20220720 14:09:51.668" level="INFO">Fills the text '11999999999' in the given field.</msg>
<status status="PASS" starttime="20220720 14:09:51.668" endtime="20220720 14:09:51.675"/>
</kw>
<kw name="Fill Text" library="Browser">
<arg>id=desc</arg>
<arg>${geek_profile}[desc]</arg>
<tag>PageContent</tag>
<tag>Setter</tag>
<doc>Clears and fills the given ``txt`` into the text field found by ``selector``.</doc>
<msg timestamp="20220720 14:09:51.675" level="INFO">Fills the text '['Iusto et mollitia praesentium vero. Repellat natus corrupti ducimus laborum quis.', 'Fugiat id maxime ab unde tenetur tempora mollitia.', 'Blanditiis adipisci illo. Illum unde voluptates rem.']' in the given field.</msg>
<status status="PASS" starttime="20220720 14:09:51.675" endtime="20220720 14:09:51.681"/>
</kw>
<if>
<branch type="IF" condition="'${geek_profile}[printer_repair]'">
<kw name="Select Options By" library="Browser">
<arg>id=printer_repair</arg>
<arg>text</arg>
<arg>${geek_profile}[printer_repair]</arg>
<tag>PageContent</tag>
<tag>Setter</tag>
<doc>Selects options from select element found by ``selector``.</doc>
<status status="PASS" starttime="20220720 14:09:51.681" endtime="20220720 14:09:51.697"/>
</kw>
<status status="PASS" starttime="20220720 14:09:51.681" endtime="20220720 14:09:51.697"/>
</branch>
<status status="PASS" starttime="20220720 14:09:51.681" endtime="20220720 14:09:51.697"/>
</if>
<if>
<branch type="IF" condition="'${geek_profile}[work]'">
<kw name="Select Options By" library="Browser">
<arg>id=work</arg>
<arg>text</arg>
<arg>${geek_profile}[work]</arg>
<tag>PageContent</tag>
<tag>Setter</tag>
<doc>Selects options from select element found by ``selector``.</doc>
<status status="PASS" starttime="20220720 14:09:51.697" endtime="20220720 14:09:51.715"/>
</kw>
<status status="PASS" starttime="20220720 14:09:51.697" endtime="20220720 14:09:51.715"/>
</branch>
<status status="PASS" starttime="20220720 14:09:51.697" endtime="20220720 14:09:51.715"/>
</if>
<kw name="Fill Text" library="Browser">
<arg>id=cost</arg>
<arg>${geek_profile}[cost]</arg>
<tag>PageContent</tag>
<tag>Setter</tag>
<doc>Clears and fills the given ``txt`` into the text field found by ``selector``.</doc>
<msg timestamp="20220720 14:09:51.716" level="INFO">Fills the text '' in the given field.</msg>
<status status="PASS" starttime="20220720 14:09:51.715" endtime="20220720 14:09:51.720"/>
</kw>
<status status="PASS" starttime="20220720 14:09:51.663" endtime="20220720 14:09:51.720"/>
</kw>
<kw name="Submit Geek Form" library="BeGeekActions">
<kw name="Click" library="Browser">
<arg>button &gt;&gt; text=Quero ser um Geek</arg>
<tag>PageContent</tag>
<tag>Setter</tag>
<doc>Simulates mouse click on the element found by ``selector``.</doc>
<status status="PASS" starttime="20220720 14:09:51.720" endtime="20220720 14:09:51.763"/>
</kw>
<status status="PASS" starttime="20220720 14:09:51.720" endtime="20220720 14:09:51.763"/>
</kw>
<kw name="Alert Span Should Be" library="_SharedActions">
<arg>${output}</arg>
<kw name="Set Variable" library="BuiltIn">
<var>${notification}</var>
<arg>span[class=error] &gt;&gt; text=${expected_alert}</arg>
<doc>Returns the given values which can then be assigned to a variables.</doc>
<msg timestamp="20220720 14:09:51.764" level="INFO">${notification} = span[class=error] &gt;&gt; text=Valor hora deve ser numérico</msg>
<status status="PASS" starttime="20220720 14:09:51.764" endtime="20220720 14:09:51.764"/>
</kw>
<kw name="Wait For Elements State" library="Browser">
<arg>${notification}</arg>
<arg>visible</arg>
<arg>5s</arg>
<tag>PageContent</tag>
<tag>Wait</tag>
<doc>Waits for the element found by ``selector`` to satisfy state option.</doc>
<msg timestamp="20220720 14:09:51.767" level="INFO">Waited for Element with selector span[class=error] &gt;&gt; text=Valor hora deve ser numérico at state visible</msg>
<status status="PASS" starttime="20220720 14:09:51.764" endtime="20220720 14:09:51.768"/>
</kw>
<status status="PASS" starttime="20220720 14:09:51.763" endtime="20220720 14:09:51.768"/>
</kw>
<kw name="After Test" library="Base">
<kw name="Screenshot Name" library="Utils">
<var>${screenshot_name}</var>
<msg timestamp="20220720 14:09:51.768" level="INFO">${screenshot_name} = 6db2263cbad17a93eb893a1e59ab47c1770da449</msg>
<status status="PASS" starttime="20220720 14:09:51.768" endtime="20220720 14:09:51.768"/>
</kw>
<kw name="Take Screenshot" library="Browser">
<arg>fullPage=True</arg>
<arg>filename=${screenshot_name}</arg>
<tag>PageContent</tag>
<doc>Takes a screenshot of the current window or element and saves it to disk.</doc>
<msg timestamp="20220720 14:09:51.857" level="INFO" html="true">&lt;/td&gt;&lt;/tr&gt;&lt;tr&gt;&lt;td colspan="3"&gt;&lt;a href="browser/screenshot/6db2263cbad17a93eb893a1e59ab47c1770da449.png"&gt;&lt;img src="browser/screenshot/6db2263cbad17a93eb893a1e59ab47c1770da449.png" width="800px"&gt;&lt;/a&gt;</msg>
<status status="PASS" starttime="20220720 14:09:51.768" endtime="20220720 14:09:51.857"/>
</kw>
<status status="PASS" starttime="20220720 14:09:51.768" endtime="20220720 14:09:51.857"/>
</kw>
<status status="PASS" starttime="20220720 14:09:51.662" endtime="20220720 14:09:51.857"/>
</kw>
<status status="PASS" starttime="20220720 14:09:51.657" endtime="20220720 14:09:51.857"/>
</test>
<test id="s1-s1-t8" name="Cost Letters" line="24">
<kw name="Attempt To Be A Geek" library="AttemptBeGeekActions">
<arg>cost</arg>
<arg>abc</arg>
<arg>Valor hora deve ser numérico</arg>
<kw name="Factory User" library="Users">
<var>${user}</var>
<arg>attempt_be_geek</arg>
<msg timestamp="20220720 14:09:51.863" level="INFO">${user} = {'name': 'Geek', 'lastname': 'Numero 2', 'email': 'geek2@email.com', 'password': 'abc123', 'geek_profile': {'whatsapp': '11999999999', 'desc': ['Assumenda autem quas odio ea quas adipisci beatae.', 'R...</msg>
<status status="PASS" starttime="20220720 14:09:51.862" endtime="20220720 14:09:51.863"/>
</kw>
<kw name="Set To Dictionary" library="Collections">
<arg>${user}[geek_profile]</arg>
<arg>${key}</arg>
<arg>${input}</arg>
<doc>Adds the given ``key_value_pairs`` and ``items`` to the ``dictionary``.</doc>
<status status="PASS" starttime="20220720 14:09:51.863" endtime="20220720 14:09:51.863"/>
</kw>
<kw name="Fill Geek Form" library="BeGeekActions">
<arg>${user}[geek_profile]</arg>
<kw name="Reset Be Geek Form" library="BeGeekActions">
<kw name="Evaluate JavaScript" library="Browser">
<arg>.be-geek-form</arg>
<arg>document.getElementsByClassName('be-geek-form')[0].reset();</arg>
<tag>Getter</tag>
<tag>PageContent</tag>
<tag>Setter</tag>
<doc>Executes given javascript on the selected element(s) or on page.</doc>
<status status="PASS" starttime="20220720 14:09:51.863" endtime="20220720 14:09:51.867"/>
</kw>
<status status="PASS" starttime="20220720 14:09:51.863" endtime="20220720 14:09:51.867"/>
</kw>
<kw name="Fill Text" library="Browser">
<arg>id=whatsapp</arg>
<arg>${geek_profile}[whatsapp]</arg>
<tag>PageContent</tag>
<tag>Setter</tag>
<doc>Clears and fills the given ``txt`` into the text field found by ``selector``.</doc>
<msg timestamp="20220720 14:09:51.867" level="INFO">Fills the text '11999999999' in the given field.</msg>
<status status="PASS" starttime="20220720 14:09:51.867" endtime="20220720 14:09:51.872"/>
</kw>
<kw name="Fill Text" library="Browser">
<arg>id=desc</arg>
<arg>${geek_profile}[desc]</arg>
<tag>PageContent</tag>
<tag>Setter</tag>
<doc>Clears and fills the given ``txt`` into the text field found by ``selector``.</doc>
<msg timestamp="20220720 14:09:51.872" level="INFO">Fills the text '['Assumenda autem quas odio ea quas adipisci beatae.', 'Ratione quisquam dignissimos soluta praesentium.', 'Debitis quis aut eum esse maxime doloribus. Laudantium animi beatae ab.']' in the given field.</msg>
<status status="PASS" starttime="20220720 14:09:51.872" endtime="20220720 14:09:51.878"/>
</kw>
<if>
<branch type="IF" condition="'${geek_profile}[printer_repair]'">
<kw name="Select Options By" library="Browser">
<arg>id=printer_repair</arg>
<arg>text</arg>
<arg>${geek_profile}[printer_repair]</arg>
<tag>PageContent</tag>
<tag>Setter</tag>
<doc>Selects options from select element found by ``selector``.</doc>
<status status="PASS" starttime="20220720 14:09:51.879" endtime="20220720 14:09:51.894"/>
</kw>
<status status="PASS" starttime="20220720 14:09:51.879" endtime="20220720 14:09:51.894"/>
</branch>
<status status="PASS" starttime="20220720 14:09:51.878" endtime="20220720 14:09:51.894"/>
</if>
<if>
<branch type="IF" condition="'${geek_profile}[work]'">
<kw name="Select Options By" library="Browser">
<arg>id=work</arg>
<arg>text</arg>
<arg>${geek_profile}[work]</arg>
<tag>PageContent</tag>
<tag>Setter</tag>
<doc>Selects options from select element found by ``selector``.</doc>
<status status="PASS" starttime="20220720 14:09:51.894" endtime="20220720 14:09:51.915"/>
</kw>
<status status="PASS" starttime="20220720 14:09:51.894" endtime="20220720 14:09:51.915"/>
</branch>
<status status="PASS" starttime="20220720 14:09:51.894" endtime="20220720 14:09:51.915"/>
</if>
<kw name="Fill Text" library="Browser">
<arg>id=cost</arg>
<arg>${geek_profile}[cost]</arg>
<tag>PageContent</tag>
<tag>Setter</tag>
<doc>Clears and fills the given ``txt`` into the text field found by ``selector``.</doc>
<msg timestamp="20220720 14:09:51.915" level="INFO">Fills the text 'abc' in the given field.</msg>
<status status="PASS" starttime="20220720 14:09:51.915" endtime="20220720 14:09:51.920"/>
</kw>
<status status="PASS" starttime="20220720 14:09:51.863" endtime="20220720 14:09:51.920"/>
</kw>
<kw name="Submit Geek Form" library="BeGeekActions">
<kw name="Click" library="Browser">
<arg>button &gt;&gt; text=Quero ser um Geek</arg>
<tag>PageContent</tag>
<tag>Setter</tag>
<doc>Simulates mouse click on the element found by ``selector``.</doc>
<status status="PASS" starttime="20220720 14:09:51.921" endtime="20220720 14:09:51.964"/>
</kw>
<status status="PASS" starttime="20220720 14:09:51.920" endtime="20220720 14:09:51.964"/>
</kw>
<kw name="Alert Span Should Be" library="_SharedActions">
<arg>${output}</arg>
<kw name="Set Variable" library="BuiltIn">
<var>${notification}</var>
<arg>span[class=error] &gt;&gt; text=${expected_alert}</arg>
<doc>Returns the given values which can then be assigned to a variables.</doc>
<msg timestamp="20220720 14:09:51.964" level="INFO">${notification} = span[class=error] &gt;&gt; text=Valor hora deve ser numérico</msg>
<status status="PASS" starttime="20220720 14:09:51.964" endtime="20220720 14:09:51.964"/>
</kw>
<kw name="Wait For Elements State" library="Browser">
<arg>${notification}</arg>
<arg>visible</arg>
<arg>5s</arg>
<tag>PageContent</tag>
<tag>Wait</tag>
<doc>Waits for the element found by ``selector`` to satisfy state option.</doc>
<msg timestamp="20220720 14:09:51.967" level="INFO">Waited for Element with selector span[class=error] &gt;&gt; text=Valor hora deve ser numérico at state visible</msg>
<status status="PASS" starttime="20220720 14:09:51.964" endtime="20220720 14:09:51.967"/>
</kw>
<status status="PASS" starttime="20220720 14:09:51.964" endtime="20220720 14:09:51.968"/>
</kw>
<kw name="After Test" library="Base">
<kw name="Screenshot Name" library="Utils">
<var>${screenshot_name}</var>
<msg timestamp="20220720 14:09:51.968" level="INFO">${screenshot_name} = 93d13e19cbac9edd1587999722cb76745eaadef0</msg>
<status status="PASS" starttime="20220720 14:09:51.968" endtime="20220720 14:09:51.968"/>
</kw>
<kw name="Take Screenshot" library="Browser">
<arg>fullPage=True</arg>
<arg>filename=${screenshot_name}</arg>
<tag>PageContent</tag>
<doc>Takes a screenshot of the current window or element and saves it to disk.</doc>
<msg timestamp="20220720 14:09:52.056" level="INFO" html="true">&lt;/td&gt;&lt;/tr&gt;&lt;tr&gt;&lt;td colspan="3"&gt;&lt;a href="browser/screenshot/93d13e19cbac9edd1587999722cb76745eaadef0.png"&gt;&lt;img src="browser/screenshot/93d13e19cbac9edd1587999722cb76745eaadef0.png" width="800px"&gt;&lt;/a&gt;</msg>
<status status="PASS" starttime="20220720 14:09:51.968" endtime="20220720 14:09:52.057"/>
</kw>
<status status="PASS" starttime="20220720 14:09:51.968" endtime="20220720 14:09:52.057"/>
</kw>
<status status="PASS" starttime="20220720 14:09:51.862" endtime="20220720 14:09:52.057"/>
</kw>
<status status="PASS" starttime="20220720 14:09:51.860" endtime="20220720 14:09:52.057"/>
</test>
<test id="s1-s1-t9" name="Cost Char" line="25">
<kw name="Attempt To Be A Geek" library="AttemptBeGeekActions">
<arg>cost</arg>
<arg>@#$</arg>
<arg>Valor hora deve ser numérico</arg>
<kw name="Factory User" library="Users">
<var>${user}</var>
<arg>attempt_be_geek</arg>
<msg timestamp="20220720 14:09:52.063" level="INFO">${user} = {'name': 'Geek', 'lastname': 'Numero 2', 'email': 'geek2@email.com', 'password': 'abc123', 'geek_profile': {'whatsapp': '11999999999', 'desc': ['Cumque molestiae assumenda quasi at inventore. Omnis id...</msg>
<status status="PASS" starttime="20220720 14:09:52.062" endtime="20220720 14:09:52.063"/>
</kw>
<kw name="Set To Dictionary" library="Collections">
<arg>${user}[geek_profile]</arg>
<arg>${key}</arg>
<arg>${input}</arg>
<doc>Adds the given ``key_value_pairs`` and ``items`` to the ``dictionary``.</doc>
<status status="PASS" starttime="20220720 14:09:52.063" endtime="20220720 14:09:52.063"/>
</kw>
<kw name="Fill Geek Form" library="BeGeekActions">
<arg>${user}[geek_profile]</arg>
<kw name="Reset Be Geek Form" library="BeGeekActions">
<kw name="Evaluate JavaScript" library="Browser">
<arg>.be-geek-form</arg>
<arg>document.getElementsByClassName('be-geek-form')[0].reset();</arg>
<tag>Getter</tag>
<tag>PageContent</tag>
<tag>Setter</tag>
<doc>Executes given javascript on the selected element(s) or on page.</doc>
<status status="PASS" starttime="20220720 14:09:52.063" endtime="20220720 14:09:52.067"/>
</kw>
<status status="PASS" starttime="20220720 14:09:52.063" endtime="20220720 14:09:52.068"/>
</kw>
<kw name="Fill Text" library="Browser">
<arg>id=whatsapp</arg>
<arg>${geek_profile}[whatsapp]</arg>
<tag>PageContent</tag>
<tag>Setter</tag>
<doc>Clears and fills the given ``txt`` into the text field found by ``selector``.</doc>
<msg timestamp="20220720 14:09:52.068" level="INFO">Fills the text '11999999999' in the given field.</msg>
<status status="PASS" starttime="20220720 14:09:52.068" endtime="20220720 14:09:52.073"/>
</kw>
<kw name="Fill Text" library="Browser">
<arg>id=desc</arg>
<arg>${geek_profile}[desc]</arg>
<tag>PageContent</tag>
<tag>Setter</tag>
<doc>Clears and fills the given ``txt`` into the text field found by ``selector``.</doc>
<msg timestamp="20220720 14:09:52.074" level="INFO">Fills the text '['Cumque molestiae assumenda quasi at inventore. Omnis id dolorem.', 'Consequuntur fuga distinctio vero illum dignissimos asperiores.', 'Occaecati repellat qui cupiditate placeat distinctio aspernatur.']' in the given field.</msg>
<status status="PASS" starttime="20220720 14:09:52.073" endtime="20220720 14:09:52.080"/>
</kw>
<if>
<branch type="IF" condition="'${geek_profile}[printer_repair]'">
<kw name="Select Options By" library="Browser">
<arg>id=printer_repair</arg>
<arg>text</arg>
<arg>${geek_profile}[printer_repair]</arg>
<tag>PageContent</tag>
<tag>Setter</tag>
<doc>Selects options from select element found by ``selector``.</doc>
<status status="PASS" starttime="20220720 14:09:52.080" endtime="20220720 14:09:52.095"/>
</kw>
<status status="PASS" starttime="20220720 14:09:52.080" endtime="20220720 14:09:52.095"/>
</branch>
<status status="PASS" starttime="20220720 14:09:52.080" endtime="20220720 14:09:52.095"/>
</if>
<if>
<branch type="IF" condition="'${geek_profile}[work]'">
<kw name="Select Options By" library="Browser">
<arg>id=work</arg>
<arg>text</arg>
<arg>${geek_profile}[work]</arg>
<tag>PageContent</tag>
<tag>Setter</tag>
<doc>Selects options from select element found by ``selector``.</doc>
<status status="PASS" starttime="20220720 14:09:52.096" endtime="20220720 14:09:52.111"/>
</kw>
<status status="PASS" starttime="20220720 14:09:52.095" endtime="20220720 14:09:52.112"/>
</branch>
<status status="PASS" starttime="20220720 14:09:52.095" endtime="20220720 14:09:52.112"/>
</if>
<kw name="Fill Text" library="Browser">
<arg>id=cost</arg>
<arg>${geek_profile}[cost]</arg>
<tag>PageContent</tag>
<tag>Setter</tag>
<doc>Clears and fills the given ``txt`` into the text field found by ``selector``.</doc>
<msg timestamp="20220720 14:09:52.112" level="INFO">Fills the text '@#$' in the given field.</msg>
<status status="PASS" starttime="20220720 14:09:52.112" endtime="20220720 14:09:52.116"/>
</kw>
<status status="PASS" starttime="20220720 14:09:52.063" endtime="20220720 14:09:52.116"/>
</kw>
<kw name="Submit Geek Form" library="BeGeekActions">
<kw name="Click" library="Browser">
<arg>button &gt;&gt; text=Quero ser um Geek</arg>
<tag>PageContent</tag>
<tag>Setter</tag>
<doc>Simulates mouse click on the element found by ``selector``.</doc>
<status status="PASS" starttime="20220720 14:09:52.117" endtime="20220720 14:09:52.146"/>
</kw>
<status status="PASS" starttime="20220720 14:09:52.116" endtime="20220720 14:09:52.146"/>
</kw>
<kw name="Alert Span Should Be" library="_SharedActions">
<arg>${output}</arg>
<kw name="Set Variable" library="BuiltIn">
<var>${notification}</var>
<arg>span[class=error] &gt;&gt; text=${expected_alert}</arg>
<doc>Returns the given values which can then be assigned to a variables.</doc>
<msg timestamp="20220720 14:09:52.147" level="INFO">${notification} = span[class=error] &gt;&gt; text=Valor hora deve ser numérico</msg>
<status status="PASS" starttime="20220720 14:09:52.146" endtime="20220720 14:09:52.147"/>
</kw>
<kw name="Wait For Elements State" library="Browser">
<arg>${notification}</arg>
<arg>visible</arg>
<arg>5s</arg>
<tag>PageContent</tag>
<tag>Wait</tag>
<doc>Waits for the element found by ``selector`` to satisfy state option.</doc>
<msg timestamp="20220720 14:09:52.149" level="INFO">Waited for Element with selector span[class=error] &gt;&gt; text=Valor hora deve ser numérico at state visible</msg>
<status status="PASS" starttime="20220720 14:09:52.147" endtime="20220720 14:09:52.150"/>
</kw>
<status status="PASS" starttime="20220720 14:09:52.146" endtime="20220720 14:09:52.150"/>
</kw>
<kw name="After Test" library="Base">
<kw name="Screenshot Name" library="Utils">
<var>${screenshot_name}</var>
<msg timestamp="20220720 14:09:52.150" level="INFO">${screenshot_name} = e94d14bb48fc4ee40cdbd41c443fb5d6cc7f7206</msg>
<status status="PASS" starttime="20220720 14:09:52.150" endtime="20220720 14:09:52.150"/>
</kw>
<kw name="Take Screenshot" library="Browser">
<arg>fullPage=True</arg>
<arg>filename=${screenshot_name}</arg>
<tag>PageContent</tag>
<doc>Takes a screenshot of the current window or element and saves it to disk.</doc>
<msg timestamp="20220720 14:09:52.239" level="INFO" html="true">&lt;/td&gt;&lt;/tr&gt;&lt;tr&gt;&lt;td colspan="3"&gt;&lt;a href="browser/screenshot/e94d14bb48fc4ee40cdbd41c443fb5d6cc7f7206.png"&gt;&lt;img src="browser/screenshot/e94d14bb48fc4ee40cdbd41c443fb5d6cc7f7206.png" width="800px"&gt;&lt;/a&gt;</msg>
<status status="PASS" starttime="20220720 14:09:52.150" endtime="20220720 14:09:52.239"/>
</kw>
<status status="PASS" starttime="20220720 14:09:52.150" endtime="20220720 14:09:52.239"/>
</kw>
<status status="PASS" starttime="20220720 14:09:52.062" endtime="20220720 14:09:52.239"/>
</kw>
<status status="PASS" starttime="20220720 14:09:52.060" endtime="20220720 14:09:52.240"/>
</test>
<test id="s1-s1-t10" name="Cost Alpha" line="26">
<kw name="Attempt To Be A Geek" library="AttemptBeGeekActions">
<arg>cost</arg>
<arg>abc123</arg>
<arg>Valor hora deve ser numérico</arg>
<kw name="Factory User" library="Users">
<var>${user}</var>
<arg>attempt_be_geek</arg>
<msg timestamp="20220720 14:09:52.248" level="INFO">${user} = {'name': 'Geek', 'lastname': 'Numero 2', 'email': 'geek2@email.com', 'password': 'abc123', 'geek_profile': {'whatsapp': '11999999999', 'desc': ['Est in nisi eveniet veniam voluptatem.', 'Commodi sit p...</msg>
<status status="PASS" starttime="20220720 14:09:52.248" endtime="20220720 14:09:52.248"/>
</kw>
<kw name="Set To Dictionary" library="Collections">
<arg>${user}[geek_profile]</arg>
<arg>${key}</arg>
<arg>${input}</arg>
<doc>Adds the given ``key_value_pairs`` and ``items`` to the ``dictionary``.</doc>
<status status="PASS" starttime="20220720 14:09:52.249" endtime="20220720 14:09:52.249"/>
</kw>
<kw name="Fill Geek Form" library="BeGeekActions">
<arg>${user}[geek_profile]</arg>
<kw name="Reset Be Geek Form" library="BeGeekActions">
<kw name="Evaluate JavaScript" library="Browser">
<arg>.be-geek-form</arg>
<arg>document.getElementsByClassName('be-geek-form')[0].reset();</arg>
<tag>Getter</tag>
<tag>PageContent</tag>
<tag>Setter</tag>
<doc>Executes given javascript on the selected element(s) or on page.</doc>
<status status="PASS" starttime="20220720 14:09:52.250" endtime="20220720 14:09:52.256"/>
</kw>
<status status="PASS" starttime="20220720 14:09:52.249" endtime="20220720 14:09:52.256"/>
</kw>
<kw name="Fill Text" library="Browser">
<arg>id=whatsapp</arg>
<arg>${geek_profile}[whatsapp]</arg>
<tag>PageContent</tag>
<tag>Setter</tag>
<doc>Clears and fills the given ``txt`` into the text field found by ``selector``.</doc>
<msg timestamp="20220720 14:09:52.257" level="INFO">Fills the text '11999999999' in the given field.</msg>
<status status="PASS" starttime="20220720 14:09:52.256" endtime="20220720 14:09:52.268"/>
</kw>
<kw name="Fill Text" library="Browser">
<arg>id=desc</arg>
<arg>${geek_profile}[desc]</arg>
<tag>PageContent</tag>
<tag>Setter</tag>
<doc>Clears and fills the given ``txt`` into the text field found by ``selector``.</doc>
<msg timestamp="20220720 14:09:52.268" level="INFO">Fills the text '['Est in nisi eveniet veniam voluptatem.', 'Commodi sit possimus nihil deserunt. Optio recusandae neque quaerat nisi culpa.', 'A id repellendus ipsam quia tempore voluptas deserunt. Possimus quia iste ex.']' in the given field.</msg>
<status status="PASS" starttime="20220720 14:09:52.268" endtime="20220720 14:09:52.274"/>
</kw>
<if>
<branch type="IF" condition="'${geek_profile}[printer_repair]'">
<kw name="Select Options By" library="Browser">
<arg>id=printer_repair</arg>
<arg>text</arg>
<arg>${geek_profile}[printer_repair]</arg>
<tag>PageContent</tag>
<tag>Setter</tag>
<doc>Selects options from select element found by ``selector``.</doc>
<status status="PASS" starttime="20220720 14:09:52.275" endtime="20220720 14:09:52.291"/>
</kw>
<status status="PASS" starttime="20220720 14:09:52.275" endtime="20220720 14:09:52.291"/>
</branch>
<status status="PASS" starttime="20220720 14:09:52.275" endtime="20220720 14:09:52.291"/>
</if>
<if>
<branch type="IF" condition="'${geek_profile}[work]'">
<kw name="Select Options By" library="Browser">
<arg>id=work</arg>
<arg>text</arg>
<arg>${geek_profile}[work]</arg>
<tag>PageContent</tag>
<tag>Setter</tag>
<doc>Selects options from select element found by ``selector``.</doc>
<status status="PASS" starttime="20220720 14:09:52.292" endtime="20220720 14:09:52.316"/>
</kw>
<status status="PASS" starttime="20220720 14:09:52.292" endtime="20220720 14:09:52.316"/>
</branch>
<status status="PASS" starttime="20220720 14:09:52.291" endtime="20220720 14:09:52.316"/>
</if>
<kw name="Fill Text" library="Browser">
<arg>id=cost</arg>
<arg>${geek_profile}[cost]</arg>
<tag>PageContent</tag>
<tag>Setter</tag>
<doc>Clears and fills the given ``txt`` into the text field found by ``selector``.</doc>
<msg timestamp="20220720 14:09:52.316" level="INFO">Fills the text 'abc123' in the given field.</msg>
<status status="PASS" starttime="20220720 14:09:52.316" endtime="20220720 14:09:52.324"/>
</kw>
<status status="PASS" starttime="20220720 14:09:52.249" endtime="20220720 14:09:52.324"/>
</kw>
<kw name="Submit Geek Form" library="BeGeekActions">
<kw name="Click" library="Browser">
<arg>button &gt;&gt; text=Quero ser um Geek</arg>
<tag>PageContent</tag>
<tag>Setter</tag>
<doc>Simulates mouse click on the element found by ``selector``.</doc>
<status status="PASS" starttime="20220720 14:09:52.324" endtime="20220720 14:09:52.365"/>
</kw>
<status status="PASS" starttime="20220720 14:09:52.324" endtime="20220720 14:09:52.365"/>
</kw>
<kw name="Alert Span Should Be" library="_SharedActions">
<arg>${output}</arg>
<kw name="Set Variable" library="BuiltIn">
<var>${notification}</var>
<arg>span[class=error] &gt;&gt; text=${expected_alert}</arg>
<doc>Returns the given values which can then be assigned to a variables.</doc>
<msg timestamp="20220720 14:09:52.366" level="INFO">${notification} = span[class=error] &gt;&gt; text=Valor hora deve ser numérico</msg>
<status status="PASS" starttime="20220720 14:09:52.365" endtime="20220720 14:09:52.366"/>
</kw>
<kw name="Wait For Elements State" library="Browser">
<arg>${notification}</arg>
<arg>visible</arg>
<arg>5s</arg>
<tag>PageContent</tag>
<tag>Wait</tag>
<doc>Waits for the element found by ``selector`` to satisfy state option.</doc>
<msg timestamp="20220720 14:09:52.369" level="INFO">Waited for Element with selector span[class=error] &gt;&gt; text=Valor hora deve ser numérico at state visible</msg>
<status status="PASS" starttime="20220720 14:09:52.366" endtime="20220720 14:09:52.369"/>
</kw>
<status status="PASS" starttime="20220720 14:09:52.365" endtime="20220720 14:09:52.370"/>
</kw>
<kw name="After Test" library="Base">
<kw name="Screenshot Name" library="Utils">
<var>${screenshot_name}</var>
<msg timestamp="20220720 14:09:52.370" level="INFO">${screenshot_name} = 5de39b81af9b9f47c43698a8401db1c8e50db4c8</msg>
<status status="PASS" starttime="20220720 14:09:52.370" endtime="20220720 14:09:52.370"/>
</kw>
<kw name="Take Screenshot" library="Browser">
<arg>fullPage=True</arg>
<arg>filename=${screenshot_name}</arg>
<tag>PageContent</tag>
<doc>Takes a screenshot of the current window or element and saves it to disk.</doc>
<msg timestamp="20220720 14:09:52.455" level="INFO" html="true">&lt;/td&gt;&lt;/tr&gt;&lt;tr&gt;&lt;td colspan="3"&gt;&lt;a href="browser/screenshot/5de39b81af9b9f47c43698a8401db1c8e50db4c8.png"&gt;&lt;img src="browser/screenshot/5de39b81af9b9f47c43698a8401db1c8e50db4c8.png" width="800px"&gt;&lt;/a&gt;</msg>
<status status="PASS" starttime="20220720 14:09:52.370" endtime="20220720 14:09:52.455"/>
</kw>
<status status="PASS" starttime="20220720 14:09:52.370" endtime="20220720 14:09:52.455"/>
</kw>
<status status="PASS" starttime="20220720 14:09:52.248" endtime="20220720 14:09:52.455"/>
</kw>
<status status="PASS" starttime="20220720 14:09:52.243" endtime="20220720 14:09:52.455"/>
</test>
<test id="s1-s1-t11" name="No Printer Repair" line="28">
<kw name="Attempt To Be A Geek" library="AttemptBeGeekActions">
<arg>printer_repair</arg>
<arg>${EMPTY}</arg>
<arg>Por favor, informe se você é um Geek Supremo</arg>
<kw name="Factory User" library="Users">
<var>${user}</var>
<arg>attempt_be_geek</arg>
[...]
<msg timestamp="20220720 14:10:24.134" level="INFO">Fills the text 'teste@email.com' in the given field.</msg>
<status status="PASS" starttime="20220720 14:10:24.133" endtime="20220720 14:10:24.139"/>
</kw>
<kw name="Fill Text" library="Browser">
<arg>id=password</arg>
<arg>${user}[password]</arg>
<tag>PageContent</tag>
<tag>Setter</tag>
<doc>Clears and fills the given ``txt`` into the text field found by ``selector``.</doc>
<msg timestamp="20220720 14:10:24.140" level="INFO">Fills the text '$r6%' in the given field.</msg>
<status status="PASS" starttime="20220720 14:10:24.139" endtime="20220720 14:10:24.144"/>
</kw>
<status status="PASS" starttime="20220720 14:10:24.123" endtime="20220720 14:10:24.145"/>
</kw>
<kw name="Submit Signup Form" library="SignupActions">
<kw name="Click" library="Browser">
<arg>.submit-button &gt;&gt; text=Cadastrar</arg>
<tag>PageContent</tag>
<tag>Setter</tag>
<doc>Simulates mouse click on the element found by ``selector``.</doc>
<status status="PASS" starttime="20220720 14:10:24.145" endtime="20220720 14:10:24.181"/>
</kw>
<status status="PASS" starttime="20220720 14:10:24.145" endtime="20220720 14:10:24.181"/>
</kw>
<kw name="Alert Span Should Be" library="_SharedActions">
<arg>Informe uma senha com pelo menos 6 caracteres</arg>
<kw name="Set Variable" library="BuiltIn">
<var>${notification}</var>
<arg>span[class=error] &gt;&gt; text=${expected_alert}</arg>
<doc>Returns the given values which can then be assigned to a variables.</doc>
<msg timestamp="20220720 14:10:24.182" level="INFO">${notification} = span[class=error] &gt;&gt; text=Informe uma senha com pelo menos 6 caracteres</msg>
<status status="PASS" starttime="20220720 14:10:24.181" endtime="20220720 14:10:24.182"/>
</kw>
<kw name="Wait For Elements State" library="Browser">
<arg>${notification}</arg>
<arg>visible</arg>
<arg>5s</arg>
<tag>PageContent</tag>
<tag>Wait</tag>
<doc>Waits for the element found by ``selector`` to satisfy state option.</doc>
<msg timestamp="20220720 14:10:24.184" level="INFO">Waited for Element with selector span[class=error] &gt;&gt; text=Informe uma senha com pelo menos 6 caracteres at state visible</msg>
<status status="PASS" starttime="20220720 14:10:24.182" endtime="20220720 14:10:24.185"/>
</kw>
<status status="PASS" starttime="20220720 14:10:24.181" endtime="20220720 14:10:24.185"/>
</kw>
<status status="PASS" starttime="20220720 14:10:23.585" endtime="20220720 14:10:24.185"/>
</kw>
<kw name="Signup With Short Password" library="SignupActions">
<arg>f$w</arg>
<kw name="Create Dictionary" library="BuiltIn">
<var>${user}</var>
<arg>name=Usuário</arg>
<arg>lastname=Teste</arg>
<arg>email=teste@email.com</arg>
<arg>password=${spwd}</arg>
<doc>Creates and returns a dictionary based on the given ``items``.</doc>
<msg timestamp="20220720 14:10:24.185" level="INFO">${user} = {'name': 'Usuário', 'lastname': 'Teste', 'email': 'teste@email.com', 'password': 'f$w'}</msg>
<status status="PASS" starttime="20220720 14:10:24.185" endtime="20220720 14:10:24.185"/>
</kw>
<kw name="Go To Signup Form" library="SignupActions">
<kw name="Go To" library="Browser">
<arg>${BASE_URL}/signup</arg>
<tag>BrowserControl</tag>
<tag>Setter</tag>
<doc>Navigates to the given ``url``.</doc>
<msg timestamp="20220720 14:10:24.705" level="INFO">Successfully opened URL https://getgeeks-cccarv.herokuapp.com/signup</msg>
<status status="PASS" starttime="20220720 14:10:24.186" endtime="20220720 14:10:24.705"/>
</kw>
<kw name="Wait For Elements State" library="Browser">
<arg>.signup-form</arg>
<arg>visible</arg>
<arg>5s</arg>
<tag>PageContent</tag>
<tag>Wait</tag>
<doc>Waits for the element found by ``selector`` to satisfy state option.</doc>
<msg timestamp="20220720 14:10:24.712" level="INFO">Waited for Element with selector .signup-form at state visible</msg>
<status status="PASS" starttime="20220720 14:10:24.705" endtime="20220720 14:10:24.712"/>
</kw>
<status status="PASS" starttime="20220720 14:10:24.185" endtime="20220720 14:10:24.713"/>
</kw>
<kw name="Fill Signup Form" library="SignupActions">
<arg>${user}</arg>
<kw name="Fill Text" library="Browser">
<arg>id=name</arg>
<arg>${user}[name]</arg>
<tag>PageContent</tag>
<tag>Setter</tag>
<doc>Clears and fills the given ``txt`` into the text field found by ``selector``.</doc>
<msg timestamp="20220720 14:10:24.713" level="INFO">Fills the text 'Usuário' in the given field.</msg>
<status status="PASS" starttime="20220720 14:10:24.713" endtime="20220720 14:10:24.718"/>
</kw>
<kw name="Fill Text" library="Browser">
<arg>id=lastname</arg>
<arg>${user}[lastname]</arg>
<tag>PageContent</tag>
<tag>Setter</tag>
<doc>Clears and fills the given ``txt`` into the text field found by ``selector``.</doc>
<msg timestamp="20220720 14:10:24.719" level="INFO">Fills the text 'Teste' in the given field.</msg>
<status status="PASS" starttime="20220720 14:10:24.718" endtime="20220720 14:10:24.725"/>
</kw>
<kw name="Fill Text" library="Browser">
<arg>id=email</arg>
<arg>${user}[email]</arg>
<tag>PageContent</tag>
<tag>Setter</tag>
<doc>Clears and fills the given ``txt`` into the text field found by ``selector``.</doc>
<msg timestamp="20220720 14:10:24.725" level="INFO">Fills the text 'teste@email.com' in the given field.</msg>
<status status="PASS" starttime="20220720 14:10:24.725" endtime="20220720 14:10:24.730"/>
</kw>
<kw name="Fill Text" library="Browser">
<arg>id=password</arg>
<arg>${user}[password]</arg>
<tag>PageContent</tag>
<tag>Setter</tag>
<doc>Clears and fills the given ``txt`` into the text field found by ``selector``.</doc>
<msg timestamp="20220720 14:10:24.730" level="INFO">Fills the text 'f$w' in the given field.</msg>
<status status="PASS" starttime="20220720 14:10:24.730" endtime="20220720 14:10:24.736"/>
</kw>
<status status="PASS" starttime="20220720 14:10:24.713" endtime="20220720 14:10:24.736"/>
</kw>
<kw name="Submit Signup Form" library="SignupActions">
<kw name="Click" library="Browser">
<arg>.submit-button &gt;&gt; text=Cadastrar</arg>
<tag>PageContent</tag>
<tag>Setter</tag>
<doc>Simulates mouse click on the element found by ``selector``.</doc>
<status status="PASS" starttime="20220720 14:10:24.736" endtime="20220720 14:10:24.778"/>
</kw>
<status status="PASS" starttime="20220720 14:10:24.736" endtime="20220720 14:10:24.778"/>
</kw>
<kw name="Alert Span Should Be" library="_SharedActions">
<arg>Informe uma senha com pelo menos 6 caracteres</arg>
<kw name="Set Variable" library="BuiltIn">
<var>${notification}</var>
<arg>span[class=error] &gt;&gt; text=${expected_alert}</arg>
<doc>Returns the given values which can then be assigned to a variables.</doc>
<msg timestamp="20220720 14:10:24.779" level="INFO">${notification} = span[class=error] &gt;&gt; text=Informe uma senha com pelo menos 6 caracteres</msg>
<status status="PASS" starttime="20220720 14:10:24.779" endtime="20220720 14:10:24.779"/>
</kw>
<kw name="Wait For Elements State" library="Browser">
<arg>${notification}</arg>
<arg>visible</arg>
<arg>5s</arg>
<tag>PageContent</tag>
<tag>Wait</tag>
<doc>Waits for the element found by ``selector`` to satisfy state option.</doc>
<msg timestamp="20220720 14:10:24.782" level="INFO">Waited for Element with selector span[class=error] &gt;&gt; text=Informe uma senha com pelo menos 6 caracteres at state visible</msg>
<status status="PASS" starttime="20220720 14:10:24.779" endtime="20220720 14:10:24.782"/>
</kw>
<status status="PASS" starttime="20220720 14:10:24.778" endtime="20220720 14:10:24.782"/>
</kw>
<status status="PASS" starttime="20220720 14:10:24.185" endtime="20220720 14:10:24.782"/>
</kw>
<kw name="Signup With Short Password" library="SignupActions">
<arg>$#</arg>
<kw name="Create Dictionary" library="BuiltIn">
<var>${user}</var>
<arg>name=Usuário</arg>
<arg>lastname=Teste</arg>
<arg>email=teste@email.com</arg>
<arg>password=${spwd}</arg>
<doc>Creates and returns a dictionary based on the given ``items``.</doc>
<msg timestamp="20220720 14:10:24.782" level="INFO">${user} = {'name': 'Usuário', 'lastname': 'Teste', 'email': 'teste@email.com', 'password': '$#'}</msg>
<status status="PASS" starttime="20220720 14:10:24.782" endtime="20220720 14:10:24.782"/>
</kw>
<kw name="Go To Signup Form" library="SignupActions">
<kw name="Go To" library="Browser">
<arg>${BASE_URL}/signup</arg>
<tag>BrowserControl</tag>
<tag>Setter</tag>
<doc>Navigates to the given ``url``.</doc>
<msg timestamp="20220720 14:10:25.315" level="INFO">Successfully opened URL https://getgeeks-cccarv.herokuapp.com/signup</msg>
<status status="PASS" starttime="20220720 14:10:24.783" endtime="20220720 14:10:25.315"/>
</kw>
<kw name="Wait For Elements State" library="Browser">
<arg>.signup-form</arg>
<arg>visible</arg>
<arg>5s</arg>
<tag>PageContent</tag>
<tag>Wait</tag>
<doc>Waits for the element found by ``selector`` to satisfy state option.</doc>
<msg timestamp="20220720 14:10:25.320" level="INFO">Waited for Element with selector .signup-form at state visible</msg>
<status status="PASS" starttime="20220720 14:10:25.315" endtime="20220720 14:10:25.320"/>
</kw>
<status status="PASS" starttime="20220720 14:10:24.783" endtime="20220720 14:10:25.320"/>
</kw>
<kw name="Fill Signup Form" library="SignupActions">
<arg>${user}</arg>
<kw name="Fill Text" library="Browser">
<arg>id=name</arg>
<arg>${user}[name]</arg>
<tag>PageContent</tag>
<tag>Setter</tag>
<doc>Clears and fills the given ``txt`` into the text field found by ``selector``.</doc>
<msg timestamp="20220720 14:10:25.321" level="INFO">Fills the text 'Usuário' in the given field.</msg>
<status status="PASS" starttime="20220720 14:10:25.321" endtime="20220720 14:10:25.327"/>
</kw>
<kw name="Fill Text" library="Browser">
<arg>id=lastname</arg>
<arg>${user}[lastname]</arg>
<tag>PageContent</tag>
<tag>Setter</tag>
<doc>Clears and fills the given ``txt`` into the text field found by ``selector``.</doc>
<msg timestamp="20220720 14:10:25.328" level="INFO">Fills the text 'Teste' in the given field.</msg>
<status status="PASS" starttime="20220720 14:10:25.328" endtime="20220720 14:10:25.333"/>
</kw>
<kw name="Fill Text" library="Browser">
<arg>id=email</arg>
<arg>${user}[email]</arg>
<tag>PageContent</tag>
<tag>Setter</tag>
<doc>Clears and fills the given ``txt`` into the text field found by ``selector``.</doc>
<msg timestamp="20220720 14:10:25.333" level="INFO">Fills the text 'teste@email.com' in the given field.</msg>
<status status="PASS" starttime="20220720 14:10:25.333" endtime="20220720 14:10:25.339"/>
</kw>
<kw name="Fill Text" library="Browser">
<arg>id=password</arg>
<arg>${user}[password]</arg>
<tag>PageContent</tag>
<tag>Setter</tag>
<doc>Clears and fills the given ``txt`` into the text field found by ``selector``.</doc>
<msg timestamp="20220720 14:10:25.339" level="INFO">Fills the text '$#' in the given field.</msg>
<status status="PASS" starttime="20220720 14:10:25.339" endtime="20220720 14:10:25.345"/>
</kw>
<status status="PASS" starttime="20220720 14:10:25.320" endtime="20220720 14:10:25.345"/>
</kw>
<kw name="Submit Signup Form" library="SignupActions">
<kw name="Click" library="Browser">
<arg>.submit-button &gt;&gt; text=Cadastrar</arg>
<tag>PageContent</tag>
<tag>Setter</tag>
<doc>Simulates mouse click on the element found by ``selector``.</doc>
<status status="PASS" starttime="20220720 14:10:25.345" endtime="20220720 14:10:25.378"/>
</kw>
<status status="PASS" starttime="20220720 14:10:25.345" endtime="20220720 14:10:25.378"/>
</kw>
<kw name="Alert Span Should Be" library="_SharedActions">
<arg>Informe uma senha com pelo menos 6 caracteres</arg>
<kw name="Set Variable" library="BuiltIn">
<var>${notification}</var>
<arg>span[class=error] &gt;&gt; text=${expected_alert}</arg>
<doc>Returns the given values which can then be assigned to a variables.</doc>
<msg timestamp="20220720 14:10:25.379" level="INFO">${notification} = span[class=error] &gt;&gt; text=Informe uma senha com pelo menos 6 caracteres</msg>
<status status="PASS" starttime="20220720 14:10:25.379" endtime="20220720 14:10:25.379"/>
</kw>
<kw name="Wait For Elements State" library="Browser">
<arg>${notification}</arg>
<arg>visible</arg>
<arg>5s</arg>
<tag>PageContent</tag>
<tag>Wait</tag>
<doc>Waits for the element found by ``selector`` to satisfy state option.</doc>
<msg timestamp="20220720 14:10:25.396" level="INFO">Waited for Element with selector span[class=error] &gt;&gt; text=Informe uma senha com pelo menos 6 caracteres at state visible</msg>
<status status="PASS" starttime="20220720 14:10:25.379" endtime="20220720 14:10:25.396"/>
</kw>
<status status="PASS" starttime="20220720 14:10:25.379" endtime="20220720 14:10:25.396"/>
</kw>
<status status="PASS" starttime="20220720 14:10:24.782" endtime="20220720 14:10:25.396"/>
</kw>
<kw name="Signup With Short Password" library="SignupActions">
<arg>&amp;</arg>
<kw name="Create Dictionary" library="BuiltIn">
<var>${user}</var>
<arg>name=Usuário</arg>
<arg>lastname=Teste</arg>
<arg>email=teste@email.com</arg>
<arg>password=${spwd}</arg>
<doc>Creates and returns a dictionary based on the given ``items``.</doc>
<msg timestamp="20220720 14:10:25.397" level="INFO">${user} = {'name': 'Usuário', 'lastname': 'Teste', 'email': 'teste@email.com', 'password': '&amp;'}</msg>
<status status="PASS" starttime="20220720 14:10:25.397" endtime="20220720 14:10:25.397"/>
</kw>
<kw name="Go To Signup Form" library="SignupActions">
<kw name="Go To" library="Browser">
<arg>${BASE_URL}/signup</arg>
<tag>BrowserControl</tag>
<tag>Setter</tag>
<doc>Navigates to the given ``url``.</doc>
<msg timestamp="20220720 14:10:25.919" level="INFO">Successfully opened URL https://getgeeks-cccarv.herokuapp.com/signup</msg>
<status status="PASS" starttime="20220720 14:10:25.397" endtime="20220720 14:10:25.919"/>
</kw>
<kw name="Wait For Elements State" library="Browser">
<arg>.signup-form</arg>
<arg>visible</arg>
<arg>5s</arg>
<tag>PageContent</tag>
<tag>Wait</tag>
<doc>Waits for the element found by ``selector`` to satisfy state option.</doc>
<msg timestamp="20220720 14:10:25.928" level="INFO">Waited for Element with selector .signup-form at state visible</msg>
<status status="PASS" starttime="20220720 14:10:25.919" endtime="20220720 14:10:25.928"/>
</kw>
<status status="PASS" starttime="20220720 14:10:25.397" endtime="20220720 14:10:25.928"/>
</kw>
<kw name="Fill Signup Form" library="SignupActions">
<arg>${user}</arg>
<kw name="Fill Text" library="Browser">
<arg>id=name</arg>
<arg>${user}[name]</arg>
<tag>PageContent</tag>
<tag>Setter</tag>
<doc>Clears and fills the given ``txt`` into the text field found by ``selector``.</doc>
<msg timestamp="20220720 14:10:25.929" level="INFO">Fills the text 'Usuário' in the given field.</msg>
<status status="PASS" starttime="20220720 14:10:25.928" endtime="20220720 14:10:25.935"/>
</kw>
<kw name="Fill Text" library="Browser">
<arg>id=lastname</arg>
<arg>${user}[lastname]</arg>
<tag>PageContent</tag>
<tag>Setter</tag>
<doc>Clears and fills the given ``txt`` into the text field found by ``selector``.</doc>
<msg timestamp="20220720 14:10:25.935" level="INFO">Fills the text 'Teste' in the given field.</msg>
<status status="PASS" starttime="20220720 14:10:25.935" endtime="20220720 14:10:25.942"/>
</kw>
<kw name="Fill Text" library="Browser">
<arg>id=email</arg>
<arg>${user}[email]</arg>
<tag>PageContent</tag>
<tag>Setter</tag>
<doc>Clears and fills the given ``txt`` into the text field found by ``selector``.</doc>
<msg timestamp="20220720 14:10:25.942" level="INFO">Fills the text 'teste@email.com' in the given field.</msg>
<status status="PASS" starttime="20220720 14:10:25.942" endtime="20220720 14:10:25.948"/>
</kw>
<kw name="Fill Text" library="Browser">
<arg>id=password</arg>
<arg>${user}[password]</arg>
<tag>PageContent</tag>
<tag>Setter</tag>
<doc>Clears and fills the given ``txt`` into the text field found by ``selector``.</doc>
<msg timestamp="20220720 14:10:25.948" level="INFO">Fills the text '&amp;' in the given field.</msg>
<status status="PASS" starttime="20220720 14:10:25.948" endtime="20220720 14:10:25.953"/>
</kw>
<status status="PASS" starttime="20220720 14:10:25.928" endtime="20220720 14:10:25.953"/>
</kw>
<kw name="Submit Signup Form" library="SignupActions">
<kw name="Click" library="Browser">
<arg>.submit-button &gt;&gt; text=Cadastrar</arg>
<tag>PageContent</tag>
<tag>Setter</tag>
<doc>Simulates mouse click on the element found by ``selector``.</doc>
<status status="PASS" starttime="20220720 14:10:25.954" endtime="20220720 14:10:25.998"/>
</kw>
<status status="PASS" starttime="20220720 14:10:25.953" endtime="20220720 14:10:25.998"/>
</kw>
<kw name="Alert Span Should Be" library="_SharedActions">
<arg>Informe uma senha com pelo menos 6 caracteres</arg>
<kw name="Set Variable" library="BuiltIn">
<var>${notification}</var>
<arg>span[class=error] &gt;&gt; text=${expected_alert}</arg>
<doc>Returns the given values which can then be assigned to a variables.</doc>
<msg timestamp="20220720 14:10:25.998" level="INFO">${notification} = span[class=error] &gt;&gt; text=Informe uma senha com pelo menos 6 caracteres</msg>
<status status="PASS" starttime="20220720 14:10:25.998" endtime="20220720 14:10:25.998"/>
</kw>
<kw name="Wait For Elements State" library="Browser">
<arg>${notification}</arg>
<arg>visible</arg>
<arg>5s</arg>
<tag>PageContent</tag>
<tag>Wait</tag>
<doc>Waits for the element found by ``selector`` to satisfy state option.</doc>
<msg timestamp="20220720 14:10:26.002" level="INFO">Waited for Element with selector span[class=error] &gt;&gt; text=Informe uma senha com pelo menos 6 caracteres at state visible</msg>
<status status="PASS" starttime="20220720 14:10:25.999" endtime="20220720 14:10:26.002"/>
</kw>
<status status="PASS" starttime="20220720 14:10:25.998" endtime="20220720 14:10:26.002"/>
</kw>
<status status="PASS" starttime="20220720 14:10:25.397" endtime="20220720 14:10:26.002"/>
</kw>
<kw name="After Test" library="Base" type="TEARDOWN">
<kw name="Screenshot Name" library="Utils">
<var>${screenshot_name}</var>
<msg timestamp="20220720 14:10:26.002" level="INFO">${screenshot_name} = 8926fc3f086332315864b8a1072e5caf4790ed57</msg>
<status status="PASS" starttime="20220720 14:10:26.002" endtime="20220720 14:10:26.002"/>
</kw>
<kw name="Take Screenshot" library="Browser">
<arg>fullPage=True</arg>
<arg>filename=${screenshot_name}</arg>
<tag>PageContent</tag>
<doc>Takes a screenshot of the current window or element and saves it to disk.</doc>
<msg timestamp="20220720 14:10:26.141" level="INFO" html="true">&lt;/td&gt;&lt;/tr&gt;&lt;tr&gt;&lt;td colspan="3"&gt;&lt;a href="browser/screenshot/8926fc3f086332315864b8a1072e5caf4790ed57.png"&gt;&lt;img src="browser/screenshot/8926fc3f086332315864b8a1072e5caf4790ed57.png" width="800px"&gt;&lt;/a&gt;</msg>
<status status="PASS" starttime="20220720 14:10:26.003" endtime="20220720 14:10:26.142"/>
</kw>
<status status="PASS" starttime="20220720 14:10:26.002" endtime="20220720 14:10:26.142"/>
</kw>
<tag>negative</tag>
<status status="PASS" starttime="20220720 14:10:09.154" endtime="20220720 14:10:26.142"/>
</test>
<doc>Signup Test Suite</doc>
<status status="PASS" starttime="20220720 14:09:40.421" endtime="20220720 14:10:26.154"/>
</suite>
<doc>[https://pabot.org/?ref=log|Pabot] result from 4 executions.</doc>
<status status="PASS" starttime="20220720 14:09:40.412" endtime="20220720 14:10:26.156"/>
</suite>
<statistics>
<total>
<stat pass="24" fail="0" skip="0">All Tests</stat>
</total>
<tag>
<stat pass="9" fail="0" skip="0">negative</stat>
<stat pass="3" fail="0" skip="0">positive</stat>
<stat pass="3" fail="0" skip="0">smoke</stat>
</tag>
<suite>
<stat pass="24" fail="0" skip="0" id="s1" name="Tests">Tests</stat>
<stat pass="12" fail="0" skip="0" id="s1-s1" name="AttemptBeGeek">Tests.AttemptBeGeek</stat>
<stat pass="6" fail="0" skip="0" id="s1-s2" name="Auth">Tests.Auth</stat>
<stat pass="1" fail="0" skip="0" id="s1-s3" name="BeGeek">Tests.BeGeek</stat>
<stat pass="5" fail="0" skip="0" id="s1-s4" name="Signup">Tests.Signup</stat>
</suite>
</statistics>
<errors>
</errors>
</robot>
