<?xml version="1.0" encoding="UTF-8"?>
<robot generator="Robot 5.0.1 (Python 3.9.12 on darwin)" generated="20220720 14:11:16.487" rpa="false" schemaversion="3">
<suite id="s1" name="Users" source="/Users/c.b.carvalho/Library/CloudStorage/OneDrive-Accenture/Robot Framework/Projetos/GravidadeZERO/getgeeks/project/backend/users/tests/Users.robot">
<test id="s1-t1" name="Add new user" line="10">
<kw name="Factory New User" library="Users">
<var>${user}</var>
<msg timestamp="20220720 14:11:16.922" level="INFO">${user} = {'name': 'Geek Quatro', 'email': 'geek4@email.com', 'password': 'abc123'}</msg>
<status status="PASS" starttime="20220720 14:11:16.922" endtime="20220720 14:11:16.923"/>
</kw>
<kw name="Remove User" library="Helpers">
<arg>${user}</arg>
<kw name="Get Token" library="Helpers">
<var>${token}</var>
<arg>${user}</arg>
<kw name="Create Dictionary" library="BuiltIn">
<var>${payload}</var>
<arg>email=${user}[email]</arg>
<arg>password=${user}[password]</arg>
<doc>Creates and returns a dictionary based on the given ``items``.</doc>
<msg timestamp="20220720 14:11:16.923" level="INFO">${payload} = {'email': 'geek4@email.com', 'password': 'abc123'}</msg>
<status status="PASS" starttime="20220720 14:11:16.923" endtime="20220720 14:11:16.923"/>
</kw>
<kw name="POST Session" library="SessionsRoute">
<var>${response}</var>
<arg>${payload}</arg>
<kw name="POST" library="RequestsLibrary">
<var>${response}</var>
<arg>${API_USERS}/sessions</arg>
<arg>json=${payload}</arg>
<arg>expected_status=any</arg>
<doc>Sends a POST request.</doc>
<msg timestamp="20220720 14:11:17.730" level="INFO">POST Request : url=https://getgeeks-users-cccarv.herokuapp.com/sessions 
 path_url=/sessions 
 headers={'User-Agent': 'python-requests/2.27.1', 'Accept-Encoding': 'gzip, deflate', 'Accept': '*/*', 'Connection': 'keep-alive', 'Content-Length': '50', 'Content-Type': 'application/json'} 
 body=b'{"email": "geek4@email.com", "password": "abc123"}' 
 </msg>
<msg timestamp="20220720 14:11:17.730" level="INFO">POST Response : url=https://getgeeks-users-cccarv.herokuapp.com/sessions 
 status=401, reason=Unauthorized 
 headers={'Server': 'Cowboy', 'Connection': 'keep-alive', 'X-Powered-By': 'Express', 'Access-Control-Allow-Origin': '*', 'Content-Type': 'application/json; charset=utf-8', 'Content-Length': '24', 'Etag': 'W/"18-XPDV80vbMk4yY1/PADG4jYM4rSI"', 'Date': 'Wed, 20 Jul 2022 17:11:18 GMT', 'Via': '1.1 vegur'} 
 body={"error":"Unauthorized"} 
 </msg>
<msg timestamp="20220720 14:11:17.730" level="INFO">${response} = &lt;Response [401]&gt;</msg>
<status status="PASS" starttime="20220720 14:11:16.923" endtime="20220720 14:11:17.730"/>
</kw>
<msg timestamp="20220720 14:11:17.730" level="INFO">${response} = &lt;Response [401]&gt;</msg>
<status status="PASS" starttime="20220720 14:11:16.923" endtime="20220720 14:11:17.730"/>
</kw>
<kw name="Set Variable" library="BuiltIn">
<var>${result}</var>
<arg>${EMPTY}</arg>
<doc>Returns the given values which can then be assigned to a variables.</doc>
<msg timestamp="20220720 14:11:17.731" level="INFO">${result} = </msg>
<status status="PASS" starttime="20220720 14:11:17.730" endtime="20220720 14:11:17.731"/>
</kw>
<if>
<branch type="IF" condition="&quot;200&quot; in &quot;${response}&quot;">
<kw name="Set Variable" library="BuiltIn">
<var>${result}</var>
<arg>Bearer ${response.json()}[token]</arg>
<doc>Returns the given values which can then be assigned to a variables.</doc>
<status status="NOT RUN" starttime="20220720 14:11:17.731" endtime="20220720 14:11:17.731"/>
</kw>
<status status="NOT RUN" starttime="20220720 14:11:17.731" endtime="20220720 14:11:17.731"/>
</branch>
<status status="PASS" starttime="20220720 14:11:17.731" endtime="20220720 14:11:17.731"/>
</if>
<msg timestamp="20220720 14:11:17.731" level="INFO">${token} = </msg>
<status status="PASS" starttime="20220720 14:11:16.923" endtime="20220720 14:11:17.731"/>
</kw>
<if>
<branch type="IF" condition="&quot;${token}&quot;">
<kw name="DELETE User" library="UsersRoute">
<arg>${token}</arg>
<status status="NOT RUN" starttime="20220720 14:11:17.731" endtime="20220720 14:11:17.731"/>
</kw>
<status status="NOT RUN" starttime="20220720 14:11:17.731" endtime="20220720 14:11:17.731"/>
</branch>
<status status="PASS" starttime="20220720 14:11:17.731" endtime="20220720 14:11:17.731"/>
</if>
<status status="PASS" starttime="20220720 14:11:16.923" endtime="20220720 14:11:17.731"/>
</kw>
<kw name="POST User" library="UsersRoute">
<var>${response}</var>
<arg>${user}</arg>
<kw name="POST" library="RequestsLibrary">
<var>${response}</var>
<arg>${API_USERS}/users</arg>
<arg>json=${payload}</arg>
<arg>expected_status=any</arg>
<doc>Sends a POST request.</doc>
<msg timestamp="20220720 14:11:18.698" level="INFO">POST Request : url=https://getgeeks-users-cccarv.herokuapp.com/users 
 path_url=/users 
 headers={'User-Agent': 'python-requests/2.27.1', 'Accept-Encoding': 'gzip, deflate', 'Accept': '*/*', 'Connection': 'keep-alive', 'Content-Length': '73', 'Content-Type': 'application/json'} 
 body=b'{"name": "Geek Quatro", "email": "geek4@email.com", "password": "abc123"}' 
 </msg>
<msg timestamp="20220720 14:11:18.698" level="INFO">POST Response : url=https://getgeeks-users-cccarv.herokuapp.com/users 
 status=201, reason=Created 
 headers={'Server': 'Cowboy', 'Connection': 'keep-alive', 'X-Powered-By': 'Express', 'Access-Control-Allow-Origin': '*', 'Content-Type': 'application/json; charset=utf-8', 'Content-Length': '10', 'Etag': 'W/"a-huA6iwmUGRo4ZnWKcnsQ0V2LpvY"', 'Date': 'Wed, 20 Jul 2022 17:11:19 GMT', 'Via': '1.1 vegur'} 
 body={"id":517} 
 </msg>
<msg timestamp="20220720 14:11:18.698" level="INFO">${response} = &lt;Response [201]&gt;</msg>
<status status="PASS" starttime="20220720 14:11:17.732" endtime="20220720 14:11:18.698"/>
</kw>
<msg timestamp="20220720 14:11:18.698" level="INFO">${response} = &lt;Response [201]&gt;</msg>
<status status="PASS" starttime="20220720 14:11:17.731" endtime="20220720 14:11:18.698"/>
</kw>
<kw name="Set Variable" library="BuiltIn">
<var>${user_id}</var>
<arg>${response.json()}[id]</arg>
<doc>Returns the given values which can then be assigned to a variables.</doc>
<msg timestamp="20220720 14:11:18.700" level="INFO">${user_id} = 517</msg>
<status status="PASS" starttime="20220720 14:11:18.699" endtime="20220720 14:11:18.700"/>
</kw>
<kw name="Status Should Be" library="RequestsLibrary">
<arg>201</arg>
<arg>${response}</arg>
<doc>Fails if response status code is different than the expected.</doc>
<status status="PASS" starttime="20220720 14:11:18.700" endtime="20220720 14:11:18.700"/>
</kw>
<kw name="Should Be True" library="BuiltIn">
<arg>${user_id} &gt; 0</arg>
<doc>Fails if the given condition is not true.</doc>
<status status="PASS" starttime="20220720 14:11:18.700" endtime="20220720 14:11:18.701"/>
</kw>
<status status="PASS" starttime="20220720 14:11:16.922" endtime="20220720 14:11:18.701"/>
</test>
<test id="s1-t2" name="Get user data" line="23">
<kw name="Factory Get User" library="Users">
<var>${user}</var>
<msg timestamp="20220720 14:11:18.702" level="INFO">${user} = {'name': 'Geek Cinco', 'email': 'geek5@email.com', 'password': 'abc123'}</msg>
<status status="PASS" starttime="20220720 14:11:18.702" endtime="20220720 14:11:18.702"/>
</kw>
<kw name="POST User" library="UsersRoute">
<arg>${user}</arg>
<kw name="POST" library="RequestsLibrary">
<var>${response}</var>
<arg>${API_USERS}/users</arg>
<arg>json=${payload}</arg>
<arg>expected_status=any</arg>
<doc>Sends a POST request.</doc>
<msg timestamp="20220720 14:11:19.637" level="INFO">POST Request : url=https://getgeeks-users-cccarv.herokuapp.com/users 
 path_url=/users 
 headers={'User-Agent': 'python-requests/2.27.1', 'Accept-Encoding': 'gzip, deflate', 'Accept': '*/*', 'Connection': 'keep-alive', 'Content-Length': '72', 'Content-Type': 'application/json'} 
 body=b'{"name": "Geek Cinco", "email": "geek5@email.com", "password": "abc123"}' 
 </msg>
<msg timestamp="20220720 14:11:19.638" level="INFO">POST Response : url=https://getgeeks-users-cccarv.herokuapp.com/users 
 status=201, reason=Created 
 headers={'Server': 'Cowboy', 'Connection': 'keep-alive', 'X-Powered-By': 'Express', 'Access-Control-Allow-Origin': '*', 'Content-Type': 'application/json; charset=utf-8', 'Content-Length': '10', 'Etag': 'W/"a-SqDLQx+MahMUzeX4Be99La4Nnpc"', 'Date': 'Wed, 20 Jul 2022 17:11:19 GMT', 'Via': '1.1 vegur'} 
 body={"id":518} 
 </msg>
<msg timestamp="20220720 14:11:19.638" level="INFO">${response} = &lt;Response [201]&gt;</msg>
<status status="PASS" starttime="20220720 14:11:18.703" endtime="20220720 14:11:19.638"/>
</kw>
<status status="PASS" starttime="20220720 14:11:18.702" endtime="20220720 14:11:19.638"/>
</kw>
<kw name="Get Token" library="Helpers">
<var>${token}</var>
<arg>${user}</arg>
<kw name="Create Dictionary" library="BuiltIn">
<var>${payload}</var>
<arg>email=${user}[email]</arg>
<arg>password=${user}[password]</arg>
<doc>Creates and returns a dictionary based on the given ``items``.</doc>
<msg timestamp="20220720 14:11:19.640" level="INFO">${payload} = {'email': 'geek5@email.com', 'password': 'abc123'}</msg>
<status status="PASS" starttime="20220720 14:11:19.639" endtime="20220720 14:11:19.640"/>
</kw>
<kw name="POST Session" library="SessionsRoute">
<var>${response}</var>
<arg>${payload}</arg>
<kw name="POST" library="RequestsLibrary">
<var>${response}</var>
<arg>${API_USERS}/sessions</arg>
<arg>json=${payload}</arg>
<arg>expected_status=any</arg>
<doc>Sends a POST request.</doc>
<msg timestamp="20220720 14:11:20.395" level="INFO">POST Request : url=https://getgeeks-users-cccarv.herokuapp.com/sessions 
 path_url=/sessions 
 headers={'User-Agent': 'python-requests/2.27.1', 'Accept-Encoding': 'gzip, deflate', 'Accept': '*/*', 'Connection': 'keep-alive', 'Content-Length': '50', 'Content-Type': 'application/json'} 
 body=b'{"email": "geek5@email.com", "password": "abc123"}' 
 </msg>
<msg timestamp="20220720 14:11:20.395" level="INFO">POST Response : url=https://getgeeks-users-cccarv.herokuapp.com/sessions 
 status=200, reason=OK 
 headers={'Server': 'Cowboy', 'Connection': 'keep-alive', 'X-Powered-By': 'Express', 'Access-Control-Allow-Origin': '*', 'Content-Type': 'application/json; charset=utf-8', 'Content-Length': '360', 'Etag': 'W/"168-UTmLwdb3RpXYQHBxjwG8LazTiJ8"', 'Date': 'Wed, 20 Jul 2022 17:11:20 GMT', 'Via': '1.1 vegur'} 
 body={"user":{"id":518,"email":"geek5@email.com","password_hash":"$2b$08$SOXUjArVDpA9ZWK/BrUKbOatP3SLzuGiC36IeX0S56VdsSkbDCCmK","name":"Geek Cinco","avatar":null,"whatsapp":null,"is_geek":false},"token":"eyJhbGciOiJIUzI1NiIsInR5cCI6IkpXVCJ9.eyJpZCI6NTE4LCJpYXQiOjE2NTgzMzcwODAsImV4cCI6MTY1OTIwMTA4MH0.HQqRpV2rgMuje64o3woN_oFjXI6EWnZIRF0z5B8Zy78","expires_in":"10d"} 
 </msg>
<msg timestamp="20220720 14:11:20.395" level="INFO">${response} = &lt;Response [200]&gt;</msg>
<status status="PASS" starttime="20220720 14:11:19.640" endtime="20220720 14:11:20.395"/>
</kw>
<msg timestamp="20220720 14:11:20.395" level="INFO">${response} = &lt;Response [200]&gt;</msg>
<status status="PASS" starttime="20220720 14:11:19.640" endtime="20220720 14:11:20.395"/>
</kw>
<kw name="Set Variable" library="BuiltIn">
<var>${result}</var>
<arg>${EMPTY}</arg>
<doc>Returns the given values which can then be assigned to a variables.</doc>
<msg timestamp="20220720 14:11:20.396" level="INFO">${result} = </msg>
<status status="PASS" starttime="20220720 14:11:20.396" endtime="20220720 14:11:20.396"/>
</kw>
<if>
<branch type="IF" condition="&quot;200&quot; in &quot;${response}&quot;">
<kw name="Set Variable" library="BuiltIn">
<var>${result}</var>
<arg>Bearer ${response.json()}[token]</arg>
<doc>Returns the given values which can then be assigned to a variables.</doc>
<msg timestamp="20220720 14:11:20.398" level="INFO">${result} = Bearer eyJhbGciOiJIUzI1NiIsInR5cCI6IkpXVCJ9.eyJpZCI6NTE4LCJpYXQiOjE2NTgzMzcwODAsImV4cCI6MTY1OTIwMTA4MH0.HQqRpV2rgMuje64o3woN_oFjXI6EWnZIRF0z5B8Zy78</msg>
<status status="PASS" starttime="20220720 14:11:20.397" endtime="20220720 14:11:20.398"/>
</kw>
<status status="PASS" starttime="20220720 14:11:20.397" endtime="20220720 14:11:20.398"/>
</branch>
<status status="PASS" starttime="20220720 14:11:20.397" endtime="20220720 14:11:20.398"/>
</if>
<msg timestamp="20220720 14:11:20.398" level="INFO">${token} = Bearer eyJhbGciOiJIUzI1NiIsInR5cCI6IkpXVCJ9.eyJpZCI6NTE4LCJpYXQiOjE2NTgzMzcwODAsImV4cCI6MTY1OTIwMTA4MH0.HQqRpV2rgMuje64o3woN_oFjXI6EWnZIRF0z5B8Zy78</msg>
<status status="PASS" starttime="20220720 14:11:19.639" endtime="20220720 14:11:20.398"/>
</kw>
<kw name="GET User" library="UsersRoute">
<var>${response}</var>
<arg>${token}</arg>
<kw name="Create Dictionary" library="BuiltIn">
<var>${headers}</var>
<arg>Authorization=${token}</arg>
<doc>Creates and returns a dictionary based on the given ``items``.</doc>
<msg timestamp="20220720 14:11:20.399" level="INFO">${headers} = {'Authorization': 'Bearer eyJhbGciOiJIUzI1NiIsInR5cCI6IkpXVCJ9.eyJpZCI6NTE4LCJpYXQiOjE2NTgzMzcwODAsImV4cCI6MTY1OTIwMTA4MH0.HQqRpV2rgMuje64o3woN_oFjXI6EWnZIRF0z5B8Zy78'}</msg>
<status status="PASS" starttime="20220720 14:11:20.399" endtime="20220720 14:11:20.400"/>
</kw>
<kw name="GET" library="RequestsLibrary">
<var>${response}</var>
<arg>${API_USERS}/users</arg>
<arg>headers=${headers}</arg>
<arg>expected_status=any</arg>
<doc>Sends a GET request.</doc>
<msg timestamp="20220720 14:11:21.165" level="INFO">GET Request : url=https://getgeeks-users-cccarv.herokuapp.com/users 
 path_url=/users 
 headers={'User-Agent': 'python-requests/2.27.1', 'Accept-Encoding': 'gzip, deflate', 'Accept': '*/*', 'Connection': 'keep-alive', 'Authorization': 'Bearer eyJhbGciOiJIUzI1NiIsInR5cCI6IkpXVCJ9.eyJpZCI6NTE4LCJpYXQiOjE2NTgzMzcwODAsImV4cCI6MTY1OTIwMTA4MH0.HQqRpV2rgMuje64o3woN_oFjXI6EWnZIRF0z5B8Zy78'} 
 body=None 
 </msg>
<msg timestamp="20220720 14:11:21.165" level="INFO">GET Response : url=https://getgeeks-users-cccarv.herokuapp.com/users 
 status=200, reason=OK 
 headers={'Server': 'Cowboy', 'Connection': 'keep-alive', 'X-Powered-By': 'Express', 'Access-Control-Allow-Origin': '*', 'Content-Type': 'application/json; charset=utf-8', 'Content-Length': '181', 'Etag': 'W/"b5-K+t7Wh37+y7oaAQvhYzmLmb+dD0"', 'Date': 'Wed, 20 Jul 2022 17:11:21 GMT', 'Via': '1.1 vegur'} 
 body={"id":518,"email":"geek5@email.com","password_hash":"$2b$08$SOXUjArVDpA9ZWK/BrUKbOatP3SLzuGiC36IeX0S56VdsSkbDCCmK","name":"Geek Cinco","avatar":null,"whatsapp":null,"is_geek":false} 
 </msg>
<msg timestamp="20220720 14:11:21.165" level="INFO">${response} = &lt;Response [200]&gt;</msg>
<status status="PASS" starttime="20220720 14:11:20.400" endtime="20220720 14:11:21.165"/>
</kw>
<msg timestamp="20220720 14:11:21.165" level="INFO">${response} = &lt;Response [200]&gt;</msg>
<status status="PASS" starttime="20220720 14:11:20.399" endtime="20220720 14:11:21.166"/>
</kw>
<kw name="Status Should Be" library="RequestsLibrary">
<arg>200</arg>
<arg>${response}</arg>
<doc>Fails if response status code is different than the expected.</doc>
<status status="PASS" starttime="20220720 14:11:21.166" endtime="20220720 14:11:21.166"/>
</kw>
<status status="PASS" starttime="20220720 14:11:18.701" endtime="20220720 14:11:21.166"/>
</test>
<doc>Session route test suite</doc>
<status status="PASS" starttime="20220720 14:11:16.488" endtime="20220720 14:11:21.167"/>
</suite>
<statistics>
<total>
<stat pass="2" fail="0" skip="0">All Tests</stat>
</total>
<tag>
</tag>
<suite>
<stat pass="2" fail="0" skip="0" id="s1" name="Users">Users</stat>
</suite>
</statistics>
<errors>
</errors>
</robot>
